25-03-23.20:40:39.070 [http-nio-8095-exec-3] ERROR GlobalExceptionHandler - 异常信息：Required request body is missing: public cn.qutacm.types.common.Response<cn.qutacm.pojo.vo.StudentLoginVO> cn.qutacm.controller.user.UserController.login(cn.qutacm.pojo.dto.StudentLoginDTO)
25-03-23.20:41:43.521 [http-nio-8095-exec-1] ERROR GlobalExceptionHandler - 异常信息：Required request body is missing: public cn.qutacm.types.common.Response<java.lang.Boolean> cn.qutacm.controller.user.UserController.registration(cn.qutacm.pojo.dto.StudentRegistrationDTO)
25-03-23.20:42:07.204 [http-nio-8095-exec-3] WARN  PageNotFound           - No mapping for GET /
25-03-23.20:42:07.372 [http-nio-8095-exec-7] WARN  PageNotFound           - No mapping for GET /favicon.ico
25-03-23.21:31:49.365 [http-nio-8095-exec-1] WARN  PageNotFound           - No mapping for GET /main.86e83b343d28a1fd9655.hot-update.json
25-03-23.21:37:07.448 [http-nio-8095-exec-10] ERROR GlobalExceptionHandler - 异常信息：Request method 'GET' not supported
25-03-23.21:37:07.459 [http-nio-8095-exec-1] ERROR GlobalExceptionHandler - 异常信息：Request method 'GET' not supported
25-03-23.21:37:07.508 [http-nio-8095-exec-2] ERROR GlobalExceptionHandler - 异常信息：Request method 'GET' not supported
25-03-23.21:37:36.083 [http-nio-8095-exec-8] ERROR GlobalExceptionHandler - 异常信息：Request method 'GET' not supported
25-03-23.21:37:36.092 [http-nio-8095-exec-3] ERROR GlobalExceptionHandler - 异常信息：Request method 'GET' not supported
25-03-23.21:37:36.415 [http-nio-8095-exec-5] ERROR GlobalExceptionHandler - 异常信息：Request method 'GET' not supported
25-03-23.21:37:51.038 [http-nio-8095-exec-6] ERROR GlobalExceptionHandler - 异常信息：Request method 'GET' not supported
25-03-23.21:37:51.050 [http-nio-8095-exec-7] ERROR GlobalExceptionHandler - 异常信息：Request method 'GET' not supported
25-03-23.21:37:51.367 [http-nio-8095-exec-9] ERROR GlobalExceptionHandler - 异常信息：Request method 'GET' not supported
25-03-23.21:40:19.618 [http-nio-8095-exec-1] ERROR GlobalExceptionHandler - 异常信息：Request method 'POST' not supported
25-03-23.21:40:19.618 [http-nio-8095-exec-5] ERROR GlobalExceptionHandler - 异常信息：Request method 'POST' not supported
25-03-23.21:40:19.729 [http-nio-8095-exec-4] ERROR GlobalExceptionHandler - 异常信息：Request method 'POST' not supported
25-03-23.22:04:26.362 [http-nio-8095-exec-1] WARN  PageNotFound           - No mapping for GET /user/myMessage/null
25-03-23.22:04:26.557 [http-nio-8095-exec-4] WARN  PageNotFound           - No mapping for GET /user/myMessage/null
25-03-23.22:04:41.043 [http-nio-8095-exec-2] WARN  PageNotFound           - No mapping for GET /user/myMessage/null
25-03-23.22:04:41.057 [http-nio-8095-exec-3] WARN  PageNotFound           - No mapping for GET /user/myMessage/null
25-03-23.22:06:16.142 [http-nio-8095-exec-1] WARN  PageNotFound           - No mapping for GET /user/myMessage/null
25-03-23.22:06:16.220 [http-nio-8095-exec-3] WARN  PageNotFound           - No mapping for GET /user/myMessage/null
25-03-23.22:06:51.090 [http-nio-8095-exec-7] WARN  PageNotFound           - No mapping for GET /user/myMessage/null
25-03-23.22:06:59.098 [http-nio-8095-exec-5] WARN  PageNotFound           - No mapping for GET /user/myMessage/null
25-03-23.22:07:16.404 [http-nio-8095-exec-4] WARN  PageNotFound           - No mapping for GET /user/myMessage/null
25-03-23.22:07:16.409 [http-nio-8095-exec-10] WARN  PageNotFound           - No mapping for GET /user/myMessage/null
25-03-23.22:07:32.597 [http-nio-8095-exec-2] WARN  PageNotFound           - No mapping for GET /user/myMessage/null
25-03-23.22:07:32.602 [http-nio-8095-exec-8] WARN  PageNotFound           - No mapping for GET /user/myMessage/null
25-03-23.22:07:46.738 [http-nio-8095-exec-9] WARN  PageNotFound           - No mapping for GET /user/myMessage
25-03-23.22:09:27.193 [http-nio-8095-exec-2] WARN  PageNotFound           - No mapping for GET /user/myMessage
25-03-23.22:09:27.286 [http-nio-8095-exec-1] WARN  PageNotFound           - No mapping for GET /user/myMessage
25-03-23.22:09:43.128 [http-nio-8095-exec-3] WARN  PageNotFound           - No mapping for GET /user/activity/myMessage
25-03-23.22:09:44.557 [http-nio-8095-exec-4] WARN  PageNotFound           - No mapping for GET /user/activity/myMessage
25-03-23.22:09:44.562 [http-nio-8095-exec-6] WARN  PageNotFound           - No mapping for GET /user/activity/myMessage
25-03-23.22:09:56.085 [http-nio-8095-exec-7] WARN  PageNotFound           - No mapping for GET /user/activity/myMessage
25-03-23.22:09:56.090 [http-nio-8095-exec-5] WARN  PageNotFound           - No mapping for GET /user/activity/myMessage
25-03-23.22:10:50.811 [http-nio-8095-exec-2] WARN  PageNotFound           - No mapping for GET /user/activity/myMessage
25-03-23.22:10:50.903 [http-nio-8095-exec-1] WARN  PageNotFound           - No mapping for GET /user/activity/myMessage
25-03-23.22:11:08.045 [http-nio-8095-exec-4] WARN  PageNotFound           - No mapping for GET /user/user/myMessage
25-03-23.22:11:08.051 [http-nio-8095-exec-3] WARN  PageNotFound           - No mapping for GET /user/user/myMessage
25-03-23.22:12:10.667 [http-nio-8095-exec-2] WARN  PageNotFound           - No mapping for GET /user/user/myMessage
25-03-23.22:12:10.754 [http-nio-8095-exec-1] WARN  PageNotFound           - No mapping for GET /user/user/myMessage
