25-03-17.17:50:21.349 [main            ] INFO  Application            - Starting Application using Java 1.8.0_412 on gu603vv with PID 61432 (E:\Java\idea_project\tutoring-appointments\tutoring-appointments-app\target\classes started by huang in E:\Java\idea_project\tutoring-appointments)
25-03-17.17:50:21.354 [main            ] INFO  Application            - The following 1 profile is active: "test"
25-03-17.17:50:22.749 [main            ] INFO  TomcatWebServer        - Tomcat initialized with port(s): 8095 (http)
25-03-17.17:50:22.761 [main            ] INFO  Http11NioProtocol      - Initializing ProtocolHandler ["http-nio-8095"]
25-03-17.17:50:22.761 [main            ] INFO  StandardService        - Starting service [Tomcat]
25-03-17.17:50:22.761 [main            ] INFO  StandardEngine         - Starting Servlet engine: [Apache Tomcat/9.0.75]
25-03-17.17:50:22.876 [main            ] INFO  [/]                    - Initializing Spring embedded WebApplicationContext
25-03-17.17:50:22.876 [main            ] INFO  ServletWebServerApplicationContext - Root WebApplicationContext: initialization completed in 1470 ms
25-03-17.17:50:23.691 [main            ] INFO  Http11NioProtocol      - Starting ProtocolHandler ["http-nio-8095"]
25-03-17.17:50:23.711 [main            ] INFO  TomcatWebServer        - Tomcat started on port(s): 8095 (http) with context path ''
25-03-17.17:50:23.721 [main            ] INFO  Application            - Started Application in 2.992 seconds (JVM running for 4.583)
25-03-17.17:54:28.218 [http-nio-8095-exec-2] INFO  [/]                    - Initializing Spring DispatcherServlet 'dispatcherServlet'
25-03-17.17:54:28.218 [http-nio-8095-exec-2] INFO  DispatcherServlet      - Initializing Servlet 'dispatcherServlet'
25-03-17.17:54:28.219 [http-nio-8095-exec-2] INFO  DispatcherServlet      - Completed initialization in 1 ms
25-03-17.17:54:28.368 [http-nio-8095-exec-2] INFO  HikariDataSource       - HikariPool-1 - Starting...
25-03-17.17:54:29.319 [http-nio-8095-exec-2] INFO  HikariDataSource       - HikariPool-1 - Start completed.
25-03-17.17:54:29.439 [http-nio-8095-exec-2] ERROR [dispatcherServlet]    - Servlet.service() for servlet [dispatcherServlet] in context with path [] threw exception [Request processing failed; nested exception is org.mybatis.spring.MyBatisSystemException: nested exception is org.apache.ibatis.reflection.ReflectionException: There is no getter for property named 'createTime' in 'class cn.qutacm.pojo.po.Student'] with root cause
org.apache.ibatis.reflection.ReflectionException: There is no getter for property named 'createTime' in 'class cn.qutacm.pojo.po.Student'
	at org.apache.ibatis.reflection.Reflector.getGetInvoker(Reflector.java:374)
	at org.apache.ibatis.reflection.MetaClass.getGetInvoker(MetaClass.java:164)
	at org.apache.ibatis.reflection.wrapper.BeanWrapper.getBeanProperty(BeanWrapper.java:162)
	at org.apache.ibatis.reflection.wrapper.BeanWrapper.get(BeanWrapper.java:49)
	at org.apache.ibatis.reflection.MetaObject.getValue(MetaObject.java:122)
	at org.apache.ibatis.scripting.defaults.DefaultParameterHandler.setParameters(DefaultParameterHandler.java:79)
	at org.apache.ibatis.executor.statement.PreparedStatementHandler.parameterize(PreparedStatementHandler.java:94)
	at org.apache.ibatis.executor.statement.RoutingStatementHandler.parameterize(RoutingStatementHandler.java:64)
	at org.apache.ibatis.executor.SimpleExecutor.prepareStatement(SimpleExecutor.java:88)
	at org.apache.ibatis.executor.SimpleExecutor.doUpdate(SimpleExecutor.java:49)
	at org.apache.ibatis.executor.BaseExecutor.update(BaseExecutor.java:117)
	at org.apache.ibatis.executor.CachingExecutor.update(CachingExecutor.java:76)
	at org.apache.ibatis.session.defaults.DefaultSqlSession.update(DefaultSqlSession.java:197)
	at org.apache.ibatis.session.defaults.DefaultSqlSession.insert(DefaultSqlSession.java:184)
	at sun.reflect.NativeMethodAccessorImpl.invoke0(Native Method)
	at sun.reflect.NativeMethodAccessorImpl.invoke(NativeMethodAccessorImpl.java:62)
	at sun.reflect.DelegatingMethodAccessorImpl.invoke(DelegatingMethodAccessorImpl.java:43)
	at java.lang.reflect.Method.invoke(Method.java:498)
	at org.mybatis.spring.SqlSessionTemplate$SqlSessionInterceptor.invoke(SqlSessionTemplate.java:427)
	at com.sun.proxy.$Proxy69.insert(Unknown Source)
	at org.mybatis.spring.SqlSessionTemplate.insert(SqlSessionTemplate.java:272)
	at org.apache.ibatis.binding.MapperMethod.execute(MapperMethod.java:62)
	at org.apache.ibatis.binding.MapperProxy$PlainMethodInvoker.invoke(MapperProxy.java:152)
	at org.apache.ibatis.binding.MapperProxy.invoke(MapperProxy.java:85)
	at com.sun.proxy.$Proxy70.insert(Unknown Source)
	at Impl.service.cn.qutacm.RegistrationServiceImpl.registration(RegistrationServiceImpl.java:44)
	at user.controller.cn.qutacm.UserController.registration(UserController.java:28)
	at sun.reflect.NativeMethodAccessorImpl.invoke0(Native Method)
	at sun.reflect.NativeMethodAccessorImpl.invoke(NativeMethodAccessorImpl.java:62)
	at sun.reflect.DelegatingMethodAccessorImpl.invoke(DelegatingMethodAccessorImpl.java:43)
	at java.lang.reflect.Method.invoke(Method.java:498)
	at org.springframework.web.method.support.InvocableHandlerMethod.doInvoke(InvocableHandlerMethod.java:205)
	at org.springframework.web.method.support.InvocableHandlerMethod.invokeForRequest(InvocableHandlerMethod.java:150)
	at org.springframework.web.servlet.mvc.method.annotation.ServletInvocableHandlerMethod.invokeAndHandle(ServletInvocableHandlerMethod.java:117)
	at org.springframework.web.servlet.mvc.method.annotation.RequestMappingHandlerAdapter.invokeHandlerMethod(RequestMappingHandlerAdapter.java:895)
	at org.springframework.web.servlet.mvc.method.annotation.RequestMappingHandlerAdapter.handleInternal(RequestMappingHandlerAdapter.java:808)
	at org.springframework.web.servlet.mvc.method.AbstractHandlerMethodAdapter.handle(AbstractHandlerMethodAdapter.java:87)
	at org.springframework.web.servlet.DispatcherServlet.doDispatch(DispatcherServlet.java:1072)
	at org.springframework.web.servlet.DispatcherServlet.doService(DispatcherServlet.java:965)
	at org.springframework.web.servlet.FrameworkServlet.processRequest(FrameworkServlet.java:1006)
	at org.springframework.web.servlet.FrameworkServlet.doPost(FrameworkServlet.java:909)
	at javax.servlet.http.HttpServlet.service(HttpServlet.java:555)
	at org.springframework.web.servlet.FrameworkServlet.service(FrameworkServlet.java:883)
	at javax.servlet.http.HttpServlet.service(HttpServlet.java:623)
	at org.apache.catalina.core.ApplicationFilterChain.internalDoFilter(ApplicationFilterChain.java:209)
	at org.apache.catalina.core.ApplicationFilterChain.doFilter(ApplicationFilterChain.java:153)
	at org.apache.tomcat.websocket.server.WsFilter.doFilter(WsFilter.java:51)
	at org.apache.catalina.core.ApplicationFilterChain.internalDoFilter(ApplicationFilterChain.java:178)
	at org.apache.catalina.core.ApplicationFilterChain.doFilter(ApplicationFilterChain.java:153)
	at org.springframework.web.filter.RequestContextFilter.doFilterInternal(RequestContextFilter.java:100)
	at org.springframework.web.filter.OncePerRequestFilter.doFilter(OncePerRequestFilter.java:117)
	at org.apache.catalina.core.ApplicationFilterChain.internalDoFilter(ApplicationFilterChain.java:178)
	at org.apache.catalina.core.ApplicationFilterChain.doFilter(ApplicationFilterChain.java:153)
	at org.springframework.web.filter.FormContentFilter.doFilterInternal(FormContentFilter.java:93)
	at org.springframework.web.filter.OncePerRequestFilter.doFilter(OncePerRequestFilter.java:117)
	at org.apache.catalina.core.ApplicationFilterChain.internalDoFilter(ApplicationFilterChain.java:178)
	at org.apache.catalina.core.ApplicationFilterChain.doFilter(ApplicationFilterChain.java:153)
	at org.springframework.web.filter.CharacterEncodingFilter.doFilterInternal(CharacterEncodingFilter.java:201)
	at org.springframework.web.filter.OncePerRequestFilter.doFilter(OncePerRequestFilter.java:117)
	at org.apache.catalina.core.ApplicationFilterChain.internalDoFilter(ApplicationFilterChain.java:178)
	at org.apache.catalina.core.ApplicationFilterChain.doFilter(ApplicationFilterChain.java:153)
	at org.apache.catalina.core.StandardWrapperValve.invoke(StandardWrapperValve.java:167)
	at org.apache.catalina.core.StandardContextValve.invoke(StandardContextValve.java:90)
	at org.apache.catalina.authenticator.AuthenticatorBase.invoke(AuthenticatorBase.java:481)
	at org.apache.catalina.core.StandardHostValve.invoke(StandardHostValve.java:130)
	at org.apache.catalina.valves.ErrorReportValve.invoke(ErrorReportValve.java:93)
	at org.apache.catalina.core.StandardEngineValve.invoke(StandardEngineValve.java:74)
	at org.apache.catalina.connector.CoyoteAdapter.service(CoyoteAdapter.java:343)
	at org.apache.coyote.http11.Http11Processor.service(Http11Processor.java:390)
	at org.apache.coyote.AbstractProcessorLight.process(AbstractProcessorLight.java:63)
	at org.apache.coyote.AbstractProtocol$ConnectionHandler.process(AbstractProtocol.java:926)
	at org.apache.tomcat.util.net.NioEndpoint$SocketProcessor.doRun(NioEndpoint.java:1791)
	at org.apache.tomcat.util.net.SocketProcessorBase.run(SocketProcessorBase.java:52)
	at org.apache.tomcat.util.threads.ThreadPoolExecutor.runWorker(ThreadPoolExecutor.java:1191)
	at org.apache.tomcat.util.threads.ThreadPoolExecutor$Worker.run(ThreadPoolExecutor.java:659)
	at org.apache.tomcat.util.threads.TaskThread$WrappingRunnable.run(TaskThread.java:61)
	at java.lang.Thread.run(Thread.java:750)
25-03-17.17:56:44.199 [SpringApplicationShutdownHook] INFO  HikariDataSource       - HikariPool-1 - Shutdown initiated...
25-03-17.17:56:44.453 [SpringApplicationShutdownHook] INFO  HikariDataSource       - HikariPool-1 - Shutdown completed.
25-03-17.17:57:05.490 [main            ] INFO  Application            - Starting Application using Java 1.8.0_412 on gu603vv with PID 41332 (E:\Java\idea_project\tutoring-appointments\tutoring-appointments-app\target\classes started by huang in E:\Java\idea_project\tutoring-appointments)
25-03-17.17:57:05.493 [main            ] INFO  Application            - The following 1 profile is active: "test"
25-03-17.17:57:06.585 [main            ] INFO  TomcatWebServer        - Tomcat initialized with port(s): 8095 (http)
25-03-17.17:57:06.593 [main            ] INFO  Http11NioProtocol      - Initializing ProtocolHandler ["http-nio-8095"]
25-03-17.17:57:06.595 [main            ] INFO  StandardService        - Starting service [Tomcat]
25-03-17.17:57:06.595 [main            ] INFO  StandardEngine         - Starting Servlet engine: [Apache Tomcat/9.0.75]
25-03-17.17:57:06.695 [main            ] INFO  [/]                    - Initializing Spring embedded WebApplicationContext
25-03-17.17:57:06.696 [main            ] INFO  ServletWebServerApplicationContext - Root WebApplicationContext: initialization completed in 1153 ms
25-03-17.17:57:07.476 [main            ] INFO  Http11NioProtocol      - Starting ProtocolHandler ["http-nio-8095"]
25-03-17.17:57:07.493 [main            ] INFO  TomcatWebServer        - Tomcat started on port(s): 8095 (http) with context path ''
25-03-17.17:57:07.505 [main            ] INFO  Application            - Started Application in 2.557 seconds (JVM running for 3.495)
25-03-17.17:57:15.942 [http-nio-8095-exec-1] INFO  [/]                    - Initializing Spring DispatcherServlet 'dispatcherServlet'
25-03-17.17:57:15.942 [http-nio-8095-exec-1] INFO  DispatcherServlet      - Initializing Servlet 'dispatcherServlet'
25-03-17.17:57:15.943 [http-nio-8095-exec-1] INFO  DispatcherServlet      - Completed initialization in 1 ms
25-03-17.17:57:16.065 [http-nio-8095-exec-1] INFO  HikariDataSource       - HikariPool-1 - Starting...
25-03-17.17:57:16.622 [http-nio-8095-exec-1] INFO  HikariDataSource       - HikariPool-1 - Start completed.
25-03-17.17:57:16.824 [http-nio-8095-exec-1] ERROR [dispatcherServlet]    - Servlet.service() for servlet [dispatcherServlet] in context with path [] threw exception [Request processing failed; nested exception is org.springframework.dao.DataIntegrityViolationException: 
### Error updating database.  Cause: java.sql.SQLIntegrityConstraintViolationException: Column 'classes' cannot be null
### The error may exist in file [E:\Java\idea_project\tutoring-appointments\tutoring-appointments-app\target\classes\mybatis\mapper\StudentMapper.xml]
### The error may involve defaultParameterMap
### The error occurred while setting parameters
### SQL: insert into student(name,college,classes,student_id,phone_number,password,create_time)         values (?,?,?,?,?,?,?)
### Cause: java.sql.SQLIntegrityConstraintViolationException: Column 'classes' cannot be null
; Column 'classes' cannot be null; nested exception is java.sql.SQLIntegrityConstraintViolationException: Column 'classes' cannot be null] with root cause
java.sql.SQLIntegrityConstraintViolationException: Column 'classes' cannot be null
	at com.mysql.cj.jdbc.exceptions.SQLError.createSQLException(SQLError.java:117)
	at com.mysql.cj.jdbc.exceptions.SQLError.createSQLException(SQLError.java:97)
	at com.mysql.cj.jdbc.exceptions.SQLExceptionsMapping.translateException(SQLExceptionsMapping.java:122)
	at com.mysql.cj.jdbc.ClientPreparedStatement.executeInternal(ClientPreparedStatement.java:953)
	at com.mysql.cj.jdbc.ClientPreparedStatement.execute(ClientPreparedStatement.java:370)
	at com.zaxxer.hikari.pool.ProxyPreparedStatement.execute(ProxyPreparedStatement.java:44)
	at com.zaxxer.hikari.pool.HikariProxyPreparedStatement.execute(HikariProxyPreparedStatement.java)
	at org.apache.ibatis.executor.statement.PreparedStatementHandler.update(PreparedStatementHandler.java:47)
	at org.apache.ibatis.executor.statement.RoutingStatementHandler.update(RoutingStatementHandler.java:74)
	at org.apache.ibatis.executor.SimpleExecutor.doUpdate(SimpleExecutor.java:50)
	at org.apache.ibatis.executor.BaseExecutor.update(BaseExecutor.java:117)
	at org.apache.ibatis.executor.CachingExecutor.update(CachingExecutor.java:76)
	at org.apache.ibatis.session.defaults.DefaultSqlSession.update(DefaultSqlSession.java:197)
	at org.apache.ibatis.session.defaults.DefaultSqlSession.insert(DefaultSqlSession.java:184)
	at sun.reflect.NativeMethodAccessorImpl.invoke0(Native Method)
	at sun.reflect.NativeMethodAccessorImpl.invoke(NativeMethodAccessorImpl.java:62)
	at sun.reflect.DelegatingMethodAccessorImpl.invoke(DelegatingMethodAccessorImpl.java:43)
	at java.lang.reflect.Method.invoke(Method.java:498)
	at org.mybatis.spring.SqlSessionTemplate$SqlSessionInterceptor.invoke(SqlSessionTemplate.java:427)
	at com.sun.proxy.$Proxy69.insert(Unknown Source)
	at org.mybatis.spring.SqlSessionTemplate.insert(SqlSessionTemplate.java:272)
	at org.apache.ibatis.binding.MapperMethod.execute(MapperMethod.java:62)
	at org.apache.ibatis.binding.MapperProxy$PlainMethodInvoker.invoke(MapperProxy.java:152)
	at org.apache.ibatis.binding.MapperProxy.invoke(MapperProxy.java:85)
	at com.sun.proxy.$Proxy70.insert(Unknown Source)
	at Impl.service.cn.qutacm.RegistrationServiceImpl.registration(RegistrationServiceImpl.java:44)
	at user.controller.cn.qutacm.UserController.registration(UserController.java:28)
	at sun.reflect.NativeMethodAccessorImpl.invoke0(Native Method)
	at sun.reflect.NativeMethodAccessorImpl.invoke(NativeMethodAccessorImpl.java:62)
	at sun.reflect.DelegatingMethodAccessorImpl.invoke(DelegatingMethodAccessorImpl.java:43)
	at java.lang.reflect.Method.invoke(Method.java:498)
	at org.springframework.web.method.support.InvocableHandlerMethod.doInvoke(InvocableHandlerMethod.java:205)
	at org.springframework.web.method.support.InvocableHandlerMethod.invokeForRequest(InvocableHandlerMethod.java:150)
	at org.springframework.web.servlet.mvc.method.annotation.ServletInvocableHandlerMethod.invokeAndHandle(ServletInvocableHandlerMethod.java:117)
	at org.springframework.web.servlet.mvc.method.annotation.RequestMappingHandlerAdapter.invokeHandlerMethod(RequestMappingHandlerAdapter.java:895)
	at org.springframework.web.servlet.mvc.method.annotation.RequestMappingHandlerAdapter.handleInternal(RequestMappingHandlerAdapter.java:808)
	at org.springframework.web.servlet.mvc.method.AbstractHandlerMethodAdapter.handle(AbstractHandlerMethodAdapter.java:87)
	at org.springframework.web.servlet.DispatcherServlet.doDispatch(DispatcherServlet.java:1072)
	at org.springframework.web.servlet.DispatcherServlet.doService(DispatcherServlet.java:965)
	at org.springframework.web.servlet.FrameworkServlet.processRequest(FrameworkServlet.java:1006)
	at org.springframework.web.servlet.FrameworkServlet.doPost(FrameworkServlet.java:909)
	at javax.servlet.http.HttpServlet.service(HttpServlet.java:555)
	at org.springframework.web.servlet.FrameworkServlet.service(FrameworkServlet.java:883)
	at javax.servlet.http.HttpServlet.service(HttpServlet.java:623)
	at org.apache.catalina.core.ApplicationFilterChain.internalDoFilter(ApplicationFilterChain.java:209)
	at org.apache.catalina.core.ApplicationFilterChain.doFilter(ApplicationFilterChain.java:153)
	at org.apache.tomcat.websocket.server.WsFilter.doFilter(WsFilter.java:51)
	at org.apache.catalina.core.ApplicationFilterChain.internalDoFilter(ApplicationFilterChain.java:178)
	at org.apache.catalina.core.ApplicationFilterChain.doFilter(ApplicationFilterChain.java:153)
	at org.springframework.web.filter.RequestContextFilter.doFilterInternal(RequestContextFilter.java:100)
	at org.springframework.web.filter.OncePerRequestFilter.doFilter(OncePerRequestFilter.java:117)
	at org.apache.catalina.core.ApplicationFilterChain.internalDoFilter(ApplicationFilterChain.java:178)
	at org.apache.catalina.core.ApplicationFilterChain.doFilter(ApplicationFilterChain.java:153)
	at org.springframework.web.filter.FormContentFilter.doFilterInternal(FormContentFilter.java:93)
	at org.springframework.web.filter.OncePerRequestFilter.doFilter(OncePerRequestFilter.java:117)
	at org.apache.catalina.core.ApplicationFilterChain.internalDoFilter(ApplicationFilterChain.java:178)
	at org.apache.catalina.core.ApplicationFilterChain.doFilter(ApplicationFilterChain.java:153)
	at org.springframework.web.filter.CharacterEncodingFilter.doFilterInternal(CharacterEncodingFilter.java:201)
	at org.springframework.web.filter.OncePerRequestFilter.doFilter(OncePerRequestFilter.java:117)
	at org.apache.catalina.core.ApplicationFilterChain.internalDoFilter(ApplicationFilterChain.java:178)
	at org.apache.catalina.core.ApplicationFilterChain.doFilter(ApplicationFilterChain.java:153)
	at org.apache.catalina.core.StandardWrapperValve.invoke(StandardWrapperValve.java:167)
	at org.apache.catalina.core.StandardContextValve.invoke(StandardContextValve.java:90)
	at org.apache.catalina.authenticator.AuthenticatorBase.invoke(AuthenticatorBase.java:481)
	at org.apache.catalina.core.StandardHostValve.invoke(StandardHostValve.java:130)
	at org.apache.catalina.valves.ErrorReportValve.invoke(ErrorReportValve.java:93)
	at org.apache.catalina.core.StandardEngineValve.invoke(StandardEngineValve.java:74)
	at org.apache.catalina.connector.CoyoteAdapter.service(CoyoteAdapter.java:343)
	at org.apache.coyote.http11.Http11Processor.service(Http11Processor.java:390)
	at org.apache.coyote.AbstractProcessorLight.process(AbstractProcessorLight.java:63)
	at org.apache.coyote.AbstractProtocol$ConnectionHandler.process(AbstractProtocol.java:926)
	at org.apache.tomcat.util.net.NioEndpoint$SocketProcessor.doRun(NioEndpoint.java:1791)
	at org.apache.tomcat.util.net.SocketProcessorBase.run(SocketProcessorBase.java:52)
	at org.apache.tomcat.util.threads.ThreadPoolExecutor.runWorker(ThreadPoolExecutor.java:1191)
	at org.apache.tomcat.util.threads.ThreadPoolExecutor$Worker.run(ThreadPoolExecutor.java:659)
	at org.apache.tomcat.util.threads.TaskThread$WrappingRunnable.run(TaskThread.java:61)
	at java.lang.Thread.run(Thread.java:750)
25-03-18.16:45:00.003 [main            ] INFO  Application            - Starting Application using Java 1.8.0_412 on gu603vv with PID 79596 (E:\Java\idea_project\tutoring-appointments\tutoring-appointments-app\target\classes started by huang in E:\Java\idea_project\tutoring-appointments)
25-03-18.16:45:00.006 [main            ] INFO  Application            - The following 1 profile is active: "test"
25-03-18.16:45:01.564 [main            ] INFO  TomcatWebServer        - Tomcat initialized with port(s): 8095 (http)
25-03-18.16:45:01.583 [main            ] INFO  Http11NioProtocol      - Initializing ProtocolHandler ["http-nio-8095"]
25-03-18.16:45:01.584 [main            ] INFO  StandardService        - Starting service [Tomcat]
25-03-18.16:45:01.584 [main            ] INFO  StandardEngine         - Starting Servlet engine: [Apache Tomcat/9.0.75]
25-03-18.16:45:01.744 [main            ] INFO  [/]                    - Initializing Spring embedded WebApplicationContext
25-03-18.16:45:01.744 [main            ] INFO  ServletWebServerApplicationContext - Root WebApplicationContext: initialization completed in 1687 ms
25-03-18.16:45:02.104 [main            ] WARN  AnnotationConfigServletWebServerApplicationContext - Exception encountered during context initialization - cancelling refresh attempt: org.springframework.beans.factory.BeanCreationException: Error creating bean with name 'activityController': Injection of resource dependencies failed; nested exception is org.springframework.beans.factory.BeanCreationException: Error creating bean with name 'activityServiceImpl': Injection of resource dependencies failed; nested exception is org.springframework.beans.factory.NoSuchBeanDefinitionException: No qualifying bean of type 'dao.cn.qutacm.ActivityOrderDao' available: expected at least 1 bean which qualifies as autowire candidate. Dependency annotations: {@javax.annotation.Resource(shareable=true, lookup=, name=, description=, authenticationType=CONTAINER, type=class java.lang.Object, mappedName=)}
25-03-18.16:45:02.106 [main            ] INFO  StandardService        - Stopping service [Tomcat]
25-03-18.16:45:02.117 [main            ] INFO  ConditionEvaluationReportLoggingListener - 

Error starting ApplicationContext. To display the conditions report re-run your application with 'debug' enabled.
25-03-18.16:45:02.146 [main            ] ERROR LoggingFailureAnalysisReporter - 

***************************
APPLICATION FAILED TO START
***************************

Description:

A component required a bean of type 'dao.cn.qutacm.ActivityOrderDao' that could not be found.


Action:

Consider defining a bean of type 'dao.cn.qutacm.ActivityOrderDao' in your configuration.

25-03-18.16:47:23.644 [main            ] INFO  Application            - Starting Application using Java 1.8.0_412 on gu603vv with PID 73564 (E:\Java\idea_project\tutoring-appointments\tutoring-appointments-app\target\classes started by huang in E:\Java\idea_project\tutoring-appointments)
25-03-18.16:47:23.647 [main            ] INFO  Application            - The following 1 profile is active: "test"
25-03-18.16:47:24.789 [main            ] INFO  TomcatWebServer        - Tomcat initialized with port(s): 8095 (http)
25-03-18.16:47:24.799 [main            ] INFO  Http11NioProtocol      - Initializing ProtocolHandler ["http-nio-8095"]
25-03-18.16:47:24.809 [main            ] INFO  StandardService        - Starting service [Tomcat]
25-03-18.16:47:24.810 [main            ] INFO  StandardEngine         - Starting Servlet engine: [Apache Tomcat/9.0.75]
25-03-18.16:47:24.943 [main            ] INFO  [/]                    - Initializing Spring embedded WebApplicationContext
25-03-18.16:47:24.944 [main            ] INFO  ServletWebServerApplicationContext - Root WebApplicationContext: initialization completed in 1249 ms
25-03-18.16:47:25.731 [main            ] INFO  Http11NioProtocol      - Starting ProtocolHandler ["http-nio-8095"]
25-03-18.16:47:25.752 [main            ] INFO  TomcatWebServer        - Tomcat started on port(s): 8095 (http) with context path ''
25-03-18.16:47:25.762 [main            ] INFO  Application            - Started Application in 2.691 seconds (JVM running for 3.811)
25-03-18.16:47:49.404 [http-nio-8095-exec-2] INFO  [/]                    - Initializing Spring DispatcherServlet 'dispatcherServlet'
25-03-18.16:47:49.404 [http-nio-8095-exec-2] INFO  DispatcherServlet      - Initializing Servlet 'dispatcherServlet'
25-03-18.16:47:49.405 [http-nio-8095-exec-2] INFO  DispatcherServlet      - Completed initialization in 1 ms
25-03-18.16:47:49.430 [http-nio-8095-exec-2] WARN  DefaultHandlerExceptionResolver - Resolved [org.springframework.web.HttpRequestMethodNotSupportedException: Request method 'POST' not supported]
25-03-18.16:48:15.090 [main            ] INFO  Application            - Starting Application using Java 1.8.0_412 on gu603vv with PID 79664 (E:\Java\idea_project\tutoring-appointments\tutoring-appointments-app\target\classes started by huang in E:\Java\idea_project\tutoring-appointments)
25-03-18.16:48:15.092 [main            ] INFO  Application            - The following 1 profile is active: "test"
25-03-18.16:48:16.192 [main            ] INFO  TomcatWebServer        - Tomcat initialized with port(s): 8095 (http)
25-03-18.16:48:16.207 [main            ] INFO  Http11NioProtocol      - Initializing ProtocolHandler ["http-nio-8095"]
25-03-18.16:48:16.207 [main            ] INFO  StandardService        - Starting service [Tomcat]
25-03-18.16:48:16.208 [main            ] INFO  StandardEngine         - Starting Servlet engine: [Apache Tomcat/9.0.75]
25-03-18.16:48:16.341 [main            ] INFO  [/]                    - Initializing Spring embedded WebApplicationContext
25-03-18.16:48:16.342 [main            ] INFO  ServletWebServerApplicationContext - Root WebApplicationContext: initialization completed in 1206 ms
25-03-18.16:48:17.076 [main            ] INFO  Http11NioProtocol      - Starting ProtocolHandler ["http-nio-8095"]
25-03-18.16:48:17.096 [main            ] INFO  TomcatWebServer        - Tomcat started on port(s): 8095 (http) with context path ''
25-03-18.16:48:17.106 [main            ] INFO  Application            - Started Application in 2.529 seconds (JVM running for 3.607)
25-03-18.16:48:20.491 [http-nio-8095-exec-2] INFO  [/]                    - Initializing Spring DispatcherServlet 'dispatcherServlet'
25-03-18.16:48:20.491 [http-nio-8095-exec-2] INFO  DispatcherServlet      - Initializing Servlet 'dispatcherServlet'
25-03-18.16:48:20.492 [http-nio-8095-exec-2] INFO  DispatcherServlet      - Completed initialization in 1 ms
25-03-18.16:48:20.559 [http-nio-8095-exec-2] INFO  HikariDataSource       - HikariPool-1 - Starting...
25-03-18.16:48:21.328 [http-nio-8095-exec-2] INFO  HikariDataSource       - HikariPool-1 - Start completed.
25-03-18.16:49:18.043 [SpringApplicationShutdownHook] INFO  HikariDataSource       - HikariPool-1 - Shutdown initiated...
25-03-18.16:49:18.277 [SpringApplicationShutdownHook] INFO  HikariDataSource       - HikariPool-1 - Shutdown completed.
25-03-18.16:49:24.541 [main            ] INFO  Application            - Starting Application using Java 1.8.0_412 on gu603vv with PID 74352 (E:\Java\idea_project\tutoring-appointments\tutoring-appointments-app\target\classes started by huang in E:\Java\idea_project\tutoring-appointments)
25-03-18.16:49:24.544 [main            ] INFO  Application            - The following 1 profile is active: "test"
25-03-18.16:49:25.656 [main            ] INFO  TomcatWebServer        - Tomcat initialized with port(s): 8095 (http)
25-03-18.16:49:25.671 [main            ] INFO  Http11NioProtocol      - Initializing ProtocolHandler ["http-nio-8095"]
25-03-18.16:49:25.672 [main            ] INFO  StandardService        - Starting service [Tomcat]
25-03-18.16:49:25.672 [main            ] INFO  StandardEngine         - Starting Servlet engine: [Apache Tomcat/9.0.75]
25-03-18.16:49:25.800 [main            ] INFO  [/]                    - Initializing Spring embedded WebApplicationContext
25-03-18.16:49:25.800 [main            ] INFO  ServletWebServerApplicationContext - Root WebApplicationContext: initialization completed in 1212 ms
25-03-18.16:49:26.583 [main            ] INFO  Http11NioProtocol      - Starting ProtocolHandler ["http-nio-8095"]
25-03-18.16:49:26.605 [main            ] INFO  TomcatWebServer        - Tomcat started on port(s): 8095 (http) with context path ''
25-03-18.16:49:26.615 [main            ] INFO  Application            - Started Application in 2.571 seconds (JVM running for 3.672)
25-03-18.16:49:32.200 [http-nio-8095-exec-2] INFO  [/]                    - Initializing Spring DispatcherServlet 'dispatcherServlet'
25-03-18.16:49:32.200 [http-nio-8095-exec-2] INFO  DispatcherServlet      - Initializing Servlet 'dispatcherServlet'
25-03-18.16:49:32.201 [http-nio-8095-exec-2] INFO  DispatcherServlet      - Completed initialization in 1 ms
25-03-18.16:49:32.244 [http-nio-8095-exec-2] WARN  DefaultHandlerExceptionResolver - Resolved [org.springframework.web.bind.MissingServletRequestParameterException: Required request parameter 'Day' for method parameter type Integer is not present]
25-03-18.16:49:53.627 [http-nio-8095-exec-4] WARN  DefaultHandlerExceptionResolver - Resolved [org.springframework.web.bind.MissingServletRequestParameterException: Required request parameter 'Day' for method parameter type Integer is not present]
25-03-18.16:50:13.254 [main            ] INFO  Application            - Starting Application using Java 1.8.0_412 on gu603vv with PID 63764 (E:\Java\idea_project\tutoring-appointments\tutoring-appointments-app\target\classes started by huang in E:\Java\idea_project\tutoring-appointments)
25-03-18.16:50:13.257 [main            ] INFO  Application            - The following 1 profile is active: "test"
25-03-18.16:50:14.452 [main            ] INFO  TomcatWebServer        - Tomcat initialized with port(s): 8095 (http)
25-03-18.16:50:14.462 [main            ] INFO  Http11NioProtocol      - Initializing ProtocolHandler ["http-nio-8095"]
25-03-18.16:50:14.463 [main            ] INFO  StandardService        - Starting service [Tomcat]
25-03-18.16:50:14.463 [main            ] INFO  StandardEngine         - Starting Servlet engine: [Apache Tomcat/9.0.75]
25-03-18.16:50:14.621 [main            ] INFO  [/]                    - Initializing Spring embedded WebApplicationContext
25-03-18.16:50:14.621 [main            ] INFO  ServletWebServerApplicationContext - Root WebApplicationContext: initialization completed in 1310 ms
25-03-18.16:50:15.550 [main            ] INFO  Http11NioProtocol      - Starting ProtocolHandler ["http-nio-8095"]
25-03-18.16:50:15.572 [main            ] INFO  TomcatWebServer        - Tomcat started on port(s): 8095 (http) with context path ''
25-03-18.16:50:15.584 [main            ] INFO  Application            - Started Application in 2.863 seconds (JVM running for 3.956)
25-03-18.16:50:21.427 [http-nio-8095-exec-2] INFO  [/]                    - Initializing Spring DispatcherServlet 'dispatcherServlet'
25-03-18.16:50:21.427 [http-nio-8095-exec-2] INFO  DispatcherServlet      - Initializing Servlet 'dispatcherServlet'
25-03-18.16:50:21.427 [http-nio-8095-exec-2] INFO  DispatcherServlet      - Completed initialization in 0 ms
25-03-18.16:50:21.459 [http-nio-8095-exec-2] WARN  DefaultHandlerExceptionResolver - Resolved [org.springframework.web.bind.MissingServletRequestParameterException: Required request parameter 'day' for method parameter type Integer is not present]
25-03-18.16:50:38.391 [http-nio-8095-exec-4] WARN  DefaultHandlerExceptionResolver - Resolved [org.springframework.web.bind.MissingServletRequestParameterException: Required request parameter 'day' for method parameter type Integer is not present]
25-03-18.16:52:52.508 [http-nio-8095-exec-6] WARN  DefaultHandlerExceptionResolver - Resolved [org.springframework.web.bind.MissingServletRequestParameterException: Required request parameter 'day' for method parameter type Integer is not present]
25-03-18.16:54:45.066 [http-nio-8095-exec-8] INFO  HikariDataSource       - HikariPool-1 - Starting...
25-03-18.16:54:46.599 [http-nio-8095-exec-8] INFO  HikariDataSource       - HikariPool-1 - Start completed.
25-03-18.16:55:03.161 [http-nio-8095-exec-8] ERROR [dispatcherServlet]    - Servlet.service() for servlet [dispatcherServlet] in context with path [] threw exception [Request processing failed; nested exception is org.springframework.http.converter.HttpMessageConversionException: Type definition error: [simple type, class cn.qutacm.pojo.vo.ActivityVO]; nested exception is com.fasterxml.jackson.databind.exc.InvalidDefinitionException: No serializer found for class cn.qutacm.pojo.vo.ActivityVO and no properties discovered to create BeanSerializer (to avoid exception, disable SerializationFeature.FAIL_ON_EMPTY_BEANS) (through reference chain: cn.qutacm.types.common.Response["data"]->java.util.ArrayList[0])] with root cause
com.fasterxml.jackson.databind.exc.InvalidDefinitionException: No serializer found for class cn.qutacm.pojo.vo.ActivityVO and no properties discovered to create BeanSerializer (to avoid exception, disable SerializationFeature.FAIL_ON_EMPTY_BEANS) (through reference chain: cn.qutacm.types.common.Response["data"]->java.util.ArrayList[0])
	at com.fasterxml.jackson.databind.exc.InvalidDefinitionException.from(InvalidDefinitionException.java:77)
	at com.fasterxml.jackson.databind.SerializerProvider.reportBadDefinition(SerializerProvider.java:1300)
	at com.fasterxml.jackson.databind.DatabindContext.reportBadDefinition(DatabindContext.java:400)
	at com.fasterxml.jackson.databind.ser.impl.UnknownSerializer.failForEmpty(UnknownSerializer.java:46)
	at com.fasterxml.jackson.databind.ser.impl.UnknownSerializer.serialize(UnknownSerializer.java:29)
	at com.fasterxml.jackson.databind.ser.impl.IndexedListSerializer.serializeContents(IndexedListSerializer.java:119)
	at com.fasterxml.jackson.databind.ser.impl.IndexedListSerializer.serialize(IndexedListSerializer.java:79)
	at com.fasterxml.jackson.databind.ser.impl.IndexedListSerializer.serialize(IndexedListSerializer.java:18)
	at com.fasterxml.jackson.databind.ser.BeanPropertyWriter.serializeAsField(BeanPropertyWriter.java:728)
	at com.fasterxml.jackson.databind.ser.std.BeanSerializerBase.serializeFields(BeanSerializerBase.java:774)
	at com.fasterxml.jackson.databind.ser.BeanSerializer.serialize(BeanSerializer.java:178)
	at com.fasterxml.jackson.databind.ser.DefaultSerializerProvider._serialize(DefaultSerializerProvider.java:480)
	at com.fasterxml.jackson.databind.ser.DefaultSerializerProvider.serializeValue(DefaultSerializerProvider.java:319)
	at com.fasterxml.jackson.databind.ObjectWriter$Prefetch.serialize(ObjectWriter.java:1518)
	at com.fasterxml.jackson.databind.ObjectWriter.writeValue(ObjectWriter.java:1007)
	at org.springframework.http.converter.json.AbstractJackson2HttpMessageConverter.writeInternal(AbstractJackson2HttpMessageConverter.java:456)
	at org.springframework.http.converter.AbstractGenericHttpMessageConverter.write(AbstractGenericHttpMessageConverter.java:104)
	at org.springframework.web.servlet.mvc.method.annotation.AbstractMessageConverterMethodProcessor.writeWithMessageConverters(AbstractMessageConverterMethodProcessor.java:290)
	at org.springframework.web.servlet.mvc.method.annotation.RequestResponseBodyMethodProcessor.handleReturnValue(RequestResponseBodyMethodProcessor.java:183)
	at org.springframework.web.method.support.HandlerMethodReturnValueHandlerComposite.handleReturnValue(HandlerMethodReturnValueHandlerComposite.java:78)
	at org.springframework.web.servlet.mvc.method.annotation.ServletInvocableHandlerMethod.invokeAndHandle(ServletInvocableHandlerMethod.java:135)
	at org.springframework.web.servlet.mvc.method.annotation.RequestMappingHandlerAdapter.invokeHandlerMethod(RequestMappingHandlerAdapter.java:895)
	at org.springframework.web.servlet.mvc.method.annotation.RequestMappingHandlerAdapter.handleInternal(RequestMappingHandlerAdapter.java:808)
	at org.springframework.web.servlet.mvc.method.AbstractHandlerMethodAdapter.handle(AbstractHandlerMethodAdapter.java:87)
	at org.springframework.web.servlet.DispatcherServlet.doDispatch(DispatcherServlet.java:1072)
	at org.springframework.web.servlet.DispatcherServlet.doService(DispatcherServlet.java:965)
	at org.springframework.web.servlet.FrameworkServlet.processRequest(FrameworkServlet.java:1006)
	at org.springframework.web.servlet.FrameworkServlet.doPost(FrameworkServlet.java:909)
	at javax.servlet.http.HttpServlet.service(HttpServlet.java:555)
	at org.springframework.web.servlet.FrameworkServlet.service(FrameworkServlet.java:883)
	at javax.servlet.http.HttpServlet.service(HttpServlet.java:623)
	at org.apache.catalina.core.ApplicationFilterChain.internalDoFilter(ApplicationFilterChain.java:209)
	at org.apache.catalina.core.ApplicationFilterChain.doFilter(ApplicationFilterChain.java:153)
	at org.apache.tomcat.websocket.server.WsFilter.doFilter(WsFilter.java:51)
	at org.apache.catalina.core.ApplicationFilterChain.internalDoFilter(ApplicationFilterChain.java:178)
	at org.apache.catalina.core.ApplicationFilterChain.doFilter(ApplicationFilterChain.java:153)
	at org.springframework.web.filter.RequestContextFilter.doFilterInternal(RequestContextFilter.java:100)
	at org.springframework.web.filter.OncePerRequestFilter.doFilter(OncePerRequestFilter.java:117)
	at org.apache.catalina.core.ApplicationFilterChain.internalDoFilter(ApplicationFilterChain.java:178)
	at org.apache.catalina.core.ApplicationFilterChain.doFilter(ApplicationFilterChain.java:153)
	at org.springframework.web.filter.FormContentFilter.doFilterInternal(FormContentFilter.java:93)
	at org.springframework.web.filter.OncePerRequestFilter.doFilter(OncePerRequestFilter.java:117)
	at org.apache.catalina.core.ApplicationFilterChain.internalDoFilter(ApplicationFilterChain.java:178)
	at org.apache.catalina.core.ApplicationFilterChain.doFilter(ApplicationFilterChain.java:153)
	at org.springframework.web.filter.CharacterEncodingFilter.doFilterInternal(CharacterEncodingFilter.java:201)
	at org.springframework.web.filter.OncePerRequestFilter.doFilter(OncePerRequestFilter.java:117)
	at org.apache.catalina.core.ApplicationFilterChain.internalDoFilter(ApplicationFilterChain.java:178)
	at org.apache.catalina.core.ApplicationFilterChain.doFilter(ApplicationFilterChain.java:153)
	at org.apache.catalina.core.StandardWrapperValve.invoke(StandardWrapperValve.java:167)
	at org.apache.catalina.core.StandardContextValve.invoke(StandardContextValve.java:90)
	at org.apache.catalina.authenticator.AuthenticatorBase.invoke(AuthenticatorBase.java:481)
	at org.apache.catalina.core.StandardHostValve.invoke(StandardHostValve.java:130)
	at org.apache.catalina.valves.ErrorReportValve.invoke(ErrorReportValve.java:93)
	at org.apache.catalina.core.StandardEngineValve.invoke(StandardEngineValve.java:74)
	at org.apache.catalina.connector.CoyoteAdapter.service(CoyoteAdapter.java:343)
	at org.apache.coyote.http11.Http11Processor.service(Http11Processor.java:390)
	at org.apache.coyote.AbstractProcessorLight.process(AbstractProcessorLight.java:63)
	at org.apache.coyote.AbstractProtocol$ConnectionHandler.process(AbstractProtocol.java:926)
	at org.apache.tomcat.util.net.NioEndpoint$SocketProcessor.doRun(NioEndpoint.java:1791)
	at org.apache.tomcat.util.net.SocketProcessorBase.run(SocketProcessorBase.java:52)
	at org.apache.tomcat.util.threads.ThreadPoolExecutor.runWorker(ThreadPoolExecutor.java:1191)
	at org.apache.tomcat.util.threads.ThreadPoolExecutor$Worker.run(ThreadPoolExecutor.java:659)
	at org.apache.tomcat.util.threads.TaskThread$WrappingRunnable.run(TaskThread.java:61)
	at java.lang.Thread.run(Thread.java:750)
25-03-18.16:55:16.739 [http-nio-8095-exec-10] ERROR [dispatcherServlet]    - Servlet.service() for servlet [dispatcherServlet] in context with path [] threw exception [Request processing failed; nested exception is org.springframework.http.converter.HttpMessageConversionException: Type definition error: [simple type, class cn.qutacm.pojo.vo.ActivityVO]; nested exception is com.fasterxml.jackson.databind.exc.InvalidDefinitionException: No serializer found for class cn.qutacm.pojo.vo.ActivityVO and no properties discovered to create BeanSerializer (to avoid exception, disable SerializationFeature.FAIL_ON_EMPTY_BEANS) (through reference chain: cn.qutacm.types.common.Response["data"]->java.util.ArrayList[0])] with root cause
com.fasterxml.jackson.databind.exc.InvalidDefinitionException: No serializer found for class cn.qutacm.pojo.vo.ActivityVO and no properties discovered to create BeanSerializer (to avoid exception, disable SerializationFeature.FAIL_ON_EMPTY_BEANS) (through reference chain: cn.qutacm.types.common.Response["data"]->java.util.ArrayList[0])
	at com.fasterxml.jackson.databind.exc.InvalidDefinitionException.from(InvalidDefinitionException.java:77)
	at com.fasterxml.jackson.databind.SerializerProvider.reportBadDefinition(SerializerProvider.java:1300)
	at com.fasterxml.jackson.databind.DatabindContext.reportBadDefinition(DatabindContext.java:400)
	at com.fasterxml.jackson.databind.ser.impl.UnknownSerializer.failForEmpty(UnknownSerializer.java:46)
	at com.fasterxml.jackson.databind.ser.impl.UnknownSerializer.serialize(UnknownSerializer.java:29)
	at com.fasterxml.jackson.databind.ser.impl.IndexedListSerializer.serializeContents(IndexedListSerializer.java:119)
	at com.fasterxml.jackson.databind.ser.impl.IndexedListSerializer.serialize(IndexedListSerializer.java:79)
	at com.fasterxml.jackson.databind.ser.impl.IndexedListSerializer.serialize(IndexedListSerializer.java:18)
	at com.fasterxml.jackson.databind.ser.BeanPropertyWriter.serializeAsField(BeanPropertyWriter.java:728)
	at com.fasterxml.jackson.databind.ser.std.BeanSerializerBase.serializeFields(BeanSerializerBase.java:774)
	at com.fasterxml.jackson.databind.ser.BeanSerializer.serialize(BeanSerializer.java:178)
	at com.fasterxml.jackson.databind.ser.DefaultSerializerProvider._serialize(DefaultSerializerProvider.java:480)
	at com.fasterxml.jackson.databind.ser.DefaultSerializerProvider.serializeValue(DefaultSerializerProvider.java:319)
	at com.fasterxml.jackson.databind.ObjectWriter$Prefetch.serialize(ObjectWriter.java:1518)
	at com.fasterxml.jackson.databind.ObjectWriter.writeValue(ObjectWriter.java:1007)
	at org.springframework.http.converter.json.AbstractJackson2HttpMessageConverter.writeInternal(AbstractJackson2HttpMessageConverter.java:456)
	at org.springframework.http.converter.AbstractGenericHttpMessageConverter.write(AbstractGenericHttpMessageConverter.java:104)
	at org.springframework.web.servlet.mvc.method.annotation.AbstractMessageConverterMethodProcessor.writeWithMessageConverters(AbstractMessageConverterMethodProcessor.java:290)
	at org.springframework.web.servlet.mvc.method.annotation.RequestResponseBodyMethodProcessor.handleReturnValue(RequestResponseBodyMethodProcessor.java:183)
	at org.springframework.web.method.support.HandlerMethodReturnValueHandlerComposite.handleReturnValue(HandlerMethodReturnValueHandlerComposite.java:78)
	at org.springframework.web.servlet.mvc.method.annotation.ServletInvocableHandlerMethod.invokeAndHandle(ServletInvocableHandlerMethod.java:135)
	at org.springframework.web.servlet.mvc.method.annotation.RequestMappingHandlerAdapter.invokeHandlerMethod(RequestMappingHandlerAdapter.java:895)
	at org.springframework.web.servlet.mvc.method.annotation.RequestMappingHandlerAdapter.handleInternal(RequestMappingHandlerAdapter.java:808)
	at org.springframework.web.servlet.mvc.method.AbstractHandlerMethodAdapter.handle(AbstractHandlerMethodAdapter.java:87)
	at org.springframework.web.servlet.DispatcherServlet.doDispatch(DispatcherServlet.java:1072)
	at org.springframework.web.servlet.DispatcherServlet.doService(DispatcherServlet.java:965)
	at org.springframework.web.servlet.FrameworkServlet.processRequest(FrameworkServlet.java:1006)
	at org.springframework.web.servlet.FrameworkServlet.doPost(FrameworkServlet.java:909)
	at javax.servlet.http.HttpServlet.service(HttpServlet.java:555)
	at org.springframework.web.servlet.FrameworkServlet.service(FrameworkServlet.java:883)
	at javax.servlet.http.HttpServlet.service(HttpServlet.java:623)
	at org.apache.catalina.core.ApplicationFilterChain.internalDoFilter(ApplicationFilterChain.java:209)
	at org.apache.catalina.core.ApplicationFilterChain.doFilter(ApplicationFilterChain.java:153)
	at org.apache.tomcat.websocket.server.WsFilter.doFilter(WsFilter.java:51)
	at org.apache.catalina.core.ApplicationFilterChain.internalDoFilter(ApplicationFilterChain.java:178)
	at org.apache.catalina.core.ApplicationFilterChain.doFilter(ApplicationFilterChain.java:153)
	at org.springframework.web.filter.RequestContextFilter.doFilterInternal(RequestContextFilter.java:100)
	at org.springframework.web.filter.OncePerRequestFilter.doFilter(OncePerRequestFilter.java:117)
	at org.apache.catalina.core.ApplicationFilterChain.internalDoFilter(ApplicationFilterChain.java:178)
	at org.apache.catalina.core.ApplicationFilterChain.doFilter(ApplicationFilterChain.java:153)
	at org.springframework.web.filter.FormContentFilter.doFilterInternal(FormContentFilter.java:93)
	at org.springframework.web.filter.OncePerRequestFilter.doFilter(OncePerRequestFilter.java:117)
	at org.apache.catalina.core.ApplicationFilterChain.internalDoFilter(ApplicationFilterChain.java:178)
	at org.apache.catalina.core.ApplicationFilterChain.doFilter(ApplicationFilterChain.java:153)
	at org.springframework.web.filter.CharacterEncodingFilter.doFilterInternal(CharacterEncodingFilter.java:201)
	at org.springframework.web.filter.OncePerRequestFilter.doFilter(OncePerRequestFilter.java:117)
	at org.apache.catalina.core.ApplicationFilterChain.internalDoFilter(ApplicationFilterChain.java:178)
	at org.apache.catalina.core.ApplicationFilterChain.doFilter(ApplicationFilterChain.java:153)
	at org.apache.catalina.core.StandardWrapperValve.invoke(StandardWrapperValve.java:167)
	at org.apache.catalina.core.StandardContextValve.invoke(StandardContextValve.java:90)
	at org.apache.catalina.authenticator.AuthenticatorBase.invoke(AuthenticatorBase.java:481)
	at org.apache.catalina.core.StandardHostValve.invoke(StandardHostValve.java:130)
	at org.apache.catalina.valves.ErrorReportValve.invoke(ErrorReportValve.java:93)
	at org.apache.catalina.core.StandardEngineValve.invoke(StandardEngineValve.java:74)
	at org.apache.catalina.connector.CoyoteAdapter.service(CoyoteAdapter.java:343)
	at org.apache.coyote.http11.Http11Processor.service(Http11Processor.java:390)
	at org.apache.coyote.AbstractProcessorLight.process(AbstractProcessorLight.java:63)
	at org.apache.coyote.AbstractProtocol$ConnectionHandler.process(AbstractProtocol.java:926)
	at org.apache.tomcat.util.net.NioEndpoint$SocketProcessor.doRun(NioEndpoint.java:1791)
	at org.apache.tomcat.util.net.SocketProcessorBase.run(SocketProcessorBase.java:52)
	at org.apache.tomcat.util.threads.ThreadPoolExecutor.runWorker(ThreadPoolExecutor.java:1191)
	at org.apache.tomcat.util.threads.ThreadPoolExecutor$Worker.run(ThreadPoolExecutor.java:659)
	at org.apache.tomcat.util.threads.TaskThread$WrappingRunnable.run(TaskThread.java:61)
	at java.lang.Thread.run(Thread.java:750)
25-03-18.16:57:19.655 [SpringApplicationShutdownHook] INFO  HikariDataSource       - HikariPool-1 - Shutdown initiated...
25-03-18.16:57:19.880 [SpringApplicationShutdownHook] INFO  HikariDataSource       - HikariPool-1 - Shutdown completed.
25-03-18.16:57:27.642 [main            ] INFO  Application            - Starting Application using Java 1.8.0_412 on gu603vv with PID 78352 (E:\Java\idea_project\tutoring-appointments\tutoring-appointments-app\target\classes started by huang in E:\Java\idea_project\tutoring-appointments)
25-03-18.16:57:27.645 [main            ] INFO  Application            - The following 1 profile is active: "test"
25-03-18.16:57:28.765 [main            ] INFO  TomcatWebServer        - Tomcat initialized with port(s): 8095 (http)
25-03-18.16:57:28.783 [main            ] INFO  Http11NioProtocol      - Initializing ProtocolHandler ["http-nio-8095"]
25-03-18.16:57:28.783 [main            ] INFO  StandardService        - Starting service [Tomcat]
25-03-18.16:57:28.783 [main            ] INFO  StandardEngine         - Starting Servlet engine: [Apache Tomcat/9.0.75]
25-03-18.16:57:28.916 [main            ] INFO  [/]                    - Initializing Spring embedded WebApplicationContext
25-03-18.16:57:28.916 [main            ] INFO  ServletWebServerApplicationContext - Root WebApplicationContext: initialization completed in 1227 ms
25-03-18.16:57:29.686 [main            ] INFO  Http11NioProtocol      - Starting ProtocolHandler ["http-nio-8095"]
25-03-18.16:57:29.706 [main            ] INFO  TomcatWebServer        - Tomcat started on port(s): 8095 (http) with context path ''
25-03-18.16:57:29.716 [main            ] INFO  Application            - Started Application in 2.6 seconds (JVM running for 3.695)
25-03-18.16:57:36.534 [http-nio-8095-exec-1] INFO  [/]                    - Initializing Spring DispatcherServlet 'dispatcherServlet'
25-03-18.16:57:36.534 [http-nio-8095-exec-1] INFO  DispatcherServlet      - Initializing Servlet 'dispatcherServlet'
25-03-18.16:57:36.535 [http-nio-8095-exec-1] INFO  DispatcherServlet      - Completed initialization in 1 ms
25-03-18.16:57:36.598 [http-nio-8095-exec-1] INFO  HikariDataSource       - HikariPool-1 - Starting...
25-03-18.16:57:37.200 [http-nio-8095-exec-1] INFO  HikariDataSource       - HikariPool-1 - Start completed.
25-03-18.16:59:29.444 [SpringApplicationShutdownHook] INFO  HikariDataSource       - HikariPool-1 - Shutdown initiated...
25-03-18.16:59:29.683 [SpringApplicationShutdownHook] INFO  HikariDataSource       - HikariPool-1 - Shutdown completed.
25-03-18.16:59:32.867 [main            ] INFO  Application            - Starting Application using Java 1.8.0_412 on gu603vv with PID 79252 (E:\Java\idea_project\tutoring-appointments\tutoring-appointments-app\target\classes started by huang in E:\Java\idea_project\tutoring-appointments)
25-03-18.16:59:32.871 [main            ] INFO  Application            - The following 1 profile is active: "test"
25-03-18.16:59:33.969 [main            ] INFO  TomcatWebServer        - Tomcat initialized with port(s): 8095 (http)
25-03-18.16:59:33.984 [main            ] INFO  Http11NioProtocol      - Initializing ProtocolHandler ["http-nio-8095"]
25-03-18.16:59:33.985 [main            ] INFO  StandardService        - Starting service [Tomcat]
25-03-18.16:59:33.985 [main            ] INFO  StandardEngine         - Starting Servlet engine: [Apache Tomcat/9.0.75]
25-03-18.16:59:34.116 [main            ] INFO  [/]                    - Initializing Spring embedded WebApplicationContext
25-03-18.16:59:34.116 [main            ] INFO  ServletWebServerApplicationContext - Root WebApplicationContext: initialization completed in 1202 ms
25-03-18.16:59:34.868 [main            ] INFO  Http11NioProtocol      - Starting ProtocolHandler ["http-nio-8095"]
25-03-18.16:59:34.888 [main            ] INFO  TomcatWebServer        - Tomcat started on port(s): 8095 (http) with context path ''
25-03-18.16:59:34.898 [main            ] INFO  Application            - Started Application in 2.53 seconds (JVM running for 3.662)
25-03-18.17:00:20.185 [http-nio-8095-exec-1] INFO  [/]                    - Initializing Spring DispatcherServlet 'dispatcherServlet'
25-03-18.17:00:20.185 [http-nio-8095-exec-1] INFO  DispatcherServlet      - Initializing Servlet 'dispatcherServlet'
25-03-18.17:00:20.186 [http-nio-8095-exec-1] INFO  DispatcherServlet      - Completed initialization in 1 ms
25-03-18.17:00:20.233 [http-nio-8095-exec-1] INFO  HikariDataSource       - HikariPool-1 - Starting...
25-03-18.17:00:20.828 [http-nio-8095-exec-1] INFO  HikariDataSource       - HikariPool-1 - Start completed.
25-03-18.17:04:54.675 [http-nio-8095-exec-10] ERROR [dispatcherServlet]    - Servlet.service() for servlet [dispatcherServlet] in context with path [] threw exception [Request processing failed; nested exception is java.lang.NullPointerException] with root cause
java.lang.NullPointerException: null
	at Impl.service.cn.qutacm.ActivityServiceImpl.appointment(ActivityServiceImpl.java:31)
	at user.controller.cn.qutacm.ActivityController.appointment(ActivityController.java:41)
	at sun.reflect.NativeMethodAccessorImpl.invoke0(Native Method)
	at sun.reflect.NativeMethodAccessorImpl.invoke(NativeMethodAccessorImpl.java:62)
	at sun.reflect.DelegatingMethodAccessorImpl.invoke(DelegatingMethodAccessorImpl.java:43)
	at java.lang.reflect.Method.invoke(Method.java:498)
	at org.springframework.web.method.support.InvocableHandlerMethod.doInvoke(InvocableHandlerMethod.java:205)
	at org.springframework.web.method.support.InvocableHandlerMethod.invokeForRequest(InvocableHandlerMethod.java:150)
	at org.springframework.web.servlet.mvc.method.annotation.ServletInvocableHandlerMethod.invokeAndHandle(ServletInvocableHandlerMethod.java:117)
	at org.springframework.web.servlet.mvc.method.annotation.RequestMappingHandlerAdapter.invokeHandlerMethod(RequestMappingHandlerAdapter.java:895)
	at org.springframework.web.servlet.mvc.method.annotation.RequestMappingHandlerAdapter.handleInternal(RequestMappingHandlerAdapter.java:808)
	at org.springframework.web.servlet.mvc.method.AbstractHandlerMethodAdapter.handle(AbstractHandlerMethodAdapter.java:87)
	at org.springframework.web.servlet.DispatcherServlet.doDispatch(DispatcherServlet.java:1072)
	at org.springframework.web.servlet.DispatcherServlet.doService(DispatcherServlet.java:965)
	at org.springframework.web.servlet.FrameworkServlet.processRequest(FrameworkServlet.java:1006)
	at org.springframework.web.servlet.FrameworkServlet.doPost(FrameworkServlet.java:909)
	at javax.servlet.http.HttpServlet.service(HttpServlet.java:555)
	at org.springframework.web.servlet.FrameworkServlet.service(FrameworkServlet.java:883)
	at javax.servlet.http.HttpServlet.service(HttpServlet.java:623)
	at org.apache.catalina.core.ApplicationFilterChain.internalDoFilter(ApplicationFilterChain.java:209)
	at org.apache.catalina.core.ApplicationFilterChain.doFilter(ApplicationFilterChain.java:153)
	at org.apache.tomcat.websocket.server.WsFilter.doFilter(WsFilter.java:51)
	at org.apache.catalina.core.ApplicationFilterChain.internalDoFilter(ApplicationFilterChain.java:178)
	at org.apache.catalina.core.ApplicationFilterChain.doFilter(ApplicationFilterChain.java:153)
	at org.springframework.web.filter.RequestContextFilter.doFilterInternal(RequestContextFilter.java:100)
	at org.springframework.web.filter.OncePerRequestFilter.doFilter(OncePerRequestFilter.java:117)
	at org.apache.catalina.core.ApplicationFilterChain.internalDoFilter(ApplicationFilterChain.java:178)
	at org.apache.catalina.core.ApplicationFilterChain.doFilter(ApplicationFilterChain.java:153)
	at org.springframework.web.filter.FormContentFilter.doFilterInternal(FormContentFilter.java:93)
	at org.springframework.web.filter.OncePerRequestFilter.doFilter(OncePerRequestFilter.java:117)
	at org.apache.catalina.core.ApplicationFilterChain.internalDoFilter(ApplicationFilterChain.java:178)
	at org.apache.catalina.core.ApplicationFilterChain.doFilter(ApplicationFilterChain.java:153)
	at org.springframework.web.filter.CharacterEncodingFilter.doFilterInternal(CharacterEncodingFilter.java:201)
	at org.springframework.web.filter.OncePerRequestFilter.doFilter(OncePerRequestFilter.java:117)
	at org.apache.catalina.core.ApplicationFilterChain.internalDoFilter(ApplicationFilterChain.java:178)
	at org.apache.catalina.core.ApplicationFilterChain.doFilter(ApplicationFilterChain.java:153)
	at org.apache.catalina.core.StandardWrapperValve.invoke(StandardWrapperValve.java:167)
	at org.apache.catalina.core.StandardContextValve.invoke(StandardContextValve.java:90)
	at org.apache.catalina.authenticator.AuthenticatorBase.invoke(AuthenticatorBase.java:481)
	at org.apache.catalina.core.StandardHostValve.invoke(StandardHostValve.java:130)
	at org.apache.catalina.valves.ErrorReportValve.invoke(ErrorReportValve.java:93)
	at org.apache.catalina.core.StandardEngineValve.invoke(StandardEngineValve.java:74)
	at org.apache.catalina.connector.CoyoteAdapter.service(CoyoteAdapter.java:343)
	at org.apache.coyote.http11.Http11Processor.service(Http11Processor.java:390)
	at org.apache.coyote.AbstractProcessorLight.process(AbstractProcessorLight.java:63)
	at org.apache.coyote.AbstractProtocol$ConnectionHandler.process(AbstractProtocol.java:926)
	at org.apache.tomcat.util.net.NioEndpoint$SocketProcessor.doRun(NioEndpoint.java:1791)
	at org.apache.tomcat.util.net.SocketProcessorBase.run(SocketProcessorBase.java:52)
	at org.apache.tomcat.util.threads.ThreadPoolExecutor.runWorker(ThreadPoolExecutor.java:1191)
	at org.apache.tomcat.util.threads.ThreadPoolExecutor$Worker.run(ThreadPoolExecutor.java:659)
	at org.apache.tomcat.util.threads.TaskThread$WrappingRunnable.run(TaskThread.java:61)
	at java.lang.Thread.run(Thread.java:750)
25-03-18.17:08:05.805 [SpringApplicationShutdownHook] INFO  HikariDataSource       - HikariPool-1 - Shutdown initiated...
25-03-18.17:08:06.048 [SpringApplicationShutdownHook] INFO  HikariDataSource       - HikariPool-1 - Shutdown completed.
25-03-18.17:08:12.438 [main            ] INFO  Application            - Starting Application using Java 1.8.0_412 on gu603vv with PID 78548 (E:\Java\idea_project\tutoring-appointments\tutoring-appointments-app\target\classes started by huang in E:\Java\idea_project\tutoring-appointments)
25-03-18.17:08:12.440 [main            ] INFO  Application            - The following 1 profile is active: "test"
25-03-18.17:08:13.601 [main            ] INFO  TomcatWebServer        - Tomcat initialized with port(s): 8095 (http)
25-03-18.17:08:13.618 [main            ] INFO  Http11NioProtocol      - Initializing ProtocolHandler ["http-nio-8095"]
25-03-18.17:08:13.619 [main            ] INFO  StandardService        - Starting service [Tomcat]
25-03-18.17:08:13.619 [main            ] INFO  StandardEngine         - Starting Servlet engine: [Apache Tomcat/9.0.75]
25-03-18.17:08:13.767 [main            ] INFO  [/]                    - Initializing Spring embedded WebApplicationContext
25-03-18.17:08:13.767 [main            ] INFO  ServletWebServerApplicationContext - Root WebApplicationContext: initialization completed in 1278 ms
25-03-18.17:08:14.518 [main            ] INFO  Http11NioProtocol      - Starting ProtocolHandler ["http-nio-8095"]
25-03-18.17:08:14.539 [main            ] INFO  TomcatWebServer        - Tomcat started on port(s): 8095 (http) with context path ''
25-03-18.17:08:14.550 [main            ] INFO  Application            - Started Application in 2.663 seconds (JVM running for 3.81)
25-03-18.17:08:22.935 [http-nio-8095-exec-1] INFO  [/]                    - Initializing Spring DispatcherServlet 'dispatcherServlet'
25-03-18.17:08:22.935 [http-nio-8095-exec-1] INFO  DispatcherServlet      - Initializing Servlet 'dispatcherServlet'
25-03-18.17:08:22.936 [http-nio-8095-exec-1] INFO  DispatcherServlet      - Completed initialization in 1 ms
25-03-18.17:08:23.062 [http-nio-8095-exec-1] INFO  HikariDataSource       - HikariPool-1 - Starting...
25-03-18.17:08:23.609 [http-nio-8095-exec-1] INFO  HikariDataSource       - HikariPool-1 - Start completed.
25-03-18.17:09:30.475 [SpringApplicationShutdownHook] INFO  HikariDataSource       - HikariPool-1 - Shutdown initiated...
25-03-18.17:09:30.705 [SpringApplicationShutdownHook] INFO  HikariDataSource       - HikariPool-1 - Shutdown completed.
25-03-18.17:09:37.100 [main            ] INFO  Application            - Starting Application using Java 1.8.0_412 on gu603vv with PID 48352 (E:\Java\idea_project\tutoring-appointments\tutoring-appointments-app\target\classes started by huang in E:\Java\idea_project\tutoring-appointments)
25-03-18.17:09:37.102 [main            ] INFO  Application            - The following 1 profile is active: "test"
25-03-18.17:09:38.248 [main            ] INFO  TomcatWebServer        - Tomcat initialized with port(s): 8095 (http)
25-03-18.17:09:38.264 [main            ] INFO  Http11NioProtocol      - Initializing ProtocolHandler ["http-nio-8095"]
25-03-18.17:09:38.265 [main            ] INFO  StandardService        - Starting service [Tomcat]
25-03-18.17:09:38.265 [main            ] INFO  StandardEngine         - Starting Servlet engine: [Apache Tomcat/9.0.75]
25-03-18.17:09:38.401 [main            ] INFO  [/]                    - Initializing Spring embedded WebApplicationContext
25-03-18.17:09:38.401 [main            ] INFO  ServletWebServerApplicationContext - Root WebApplicationContext: initialization completed in 1251 ms
25-03-18.17:09:39.230 [main            ] INFO  Http11NioProtocol      - Starting ProtocolHandler ["http-nio-8095"]
25-03-18.17:09:39.251 [main            ] INFO  TomcatWebServer        - Tomcat started on port(s): 8095 (http) with context path ''
25-03-18.17:09:39.263 [main            ] INFO  Application            - Started Application in 2.691 seconds (JVM running for 3.833)
25-03-18.17:09:47.662 [http-nio-8095-exec-2] INFO  [/]                    - Initializing Spring DispatcherServlet 'dispatcherServlet'
25-03-18.17:09:47.662 [http-nio-8095-exec-2] INFO  DispatcherServlet      - Initializing Servlet 'dispatcherServlet'
25-03-18.17:09:47.663 [http-nio-8095-exec-2] INFO  DispatcherServlet      - Completed initialization in 1 ms
25-03-18.17:09:47.786 [http-nio-8095-exec-2] INFO  HikariDataSource       - HikariPool-1 - Starting...
25-03-18.17:09:48.332 [http-nio-8095-exec-2] INFO  HikariDataSource       - HikariPool-1 - Start completed.
25-03-18.17:09:48.410 [http-nio-8095-exec-2] ERROR [dispatcherServlet]    - Servlet.service() for servlet [dispatcherServlet] in context with path [] threw exception [Request processing failed; nested exception is cn.qutacm.x.api.types.exception.XApiException{code='0004', info=''}] with root cause
cn.qutacm.types.exception.AppException: null
	at Impl.service.cn.qutacm.ActivityServiceImpl.appointment(ActivityServiceImpl.java:34)
	at user.controller.cn.qutacm.ActivityController.appointment(ActivityController.java:41)
	at sun.reflect.NativeMethodAccessorImpl.invoke0(Native Method)
	at sun.reflect.NativeMethodAccessorImpl.invoke(NativeMethodAccessorImpl.java:62)
	at sun.reflect.DelegatingMethodAccessorImpl.invoke(DelegatingMethodAccessorImpl.java:43)
	at java.lang.reflect.Method.invoke(Method.java:498)
	at org.springframework.web.method.support.InvocableHandlerMethod.doInvoke(InvocableHandlerMethod.java:205)
	at org.springframework.web.method.support.InvocableHandlerMethod.invokeForRequest(InvocableHandlerMethod.java:150)
	at org.springframework.web.servlet.mvc.method.annotation.ServletInvocableHandlerMethod.invokeAndHandle(ServletInvocableHandlerMethod.java:117)
	at org.springframework.web.servlet.mvc.method.annotation.RequestMappingHandlerAdapter.invokeHandlerMethod(RequestMappingHandlerAdapter.java:895)
	at org.springframework.web.servlet.mvc.method.annotation.RequestMappingHandlerAdapter.handleInternal(RequestMappingHandlerAdapter.java:808)
	at org.springframework.web.servlet.mvc.method.AbstractHandlerMethodAdapter.handle(AbstractHandlerMethodAdapter.java:87)
	at org.springframework.web.servlet.DispatcherServlet.doDispatch(DispatcherServlet.java:1072)
	at org.springframework.web.servlet.DispatcherServlet.doService(DispatcherServlet.java:965)
	at org.springframework.web.servlet.FrameworkServlet.processRequest(FrameworkServlet.java:1006)
	at org.springframework.web.servlet.FrameworkServlet.doPost(FrameworkServlet.java:909)
	at javax.servlet.http.HttpServlet.service(HttpServlet.java:555)
	at org.springframework.web.servlet.FrameworkServlet.service(FrameworkServlet.java:883)
	at javax.servlet.http.HttpServlet.service(HttpServlet.java:623)
	at org.apache.catalina.core.ApplicationFilterChain.internalDoFilter(ApplicationFilterChain.java:209)
	at org.apache.catalina.core.ApplicationFilterChain.doFilter(ApplicationFilterChain.java:153)
	at org.apache.tomcat.websocket.server.WsFilter.doFilter(WsFilter.java:51)
	at org.apache.catalina.core.ApplicationFilterChain.internalDoFilter(ApplicationFilterChain.java:178)
	at org.apache.catalina.core.ApplicationFilterChain.doFilter(ApplicationFilterChain.java:153)
	at org.springframework.web.filter.RequestContextFilter.doFilterInternal(RequestContextFilter.java:100)
	at org.springframework.web.filter.OncePerRequestFilter.doFilter(OncePerRequestFilter.java:117)
	at org.apache.catalina.core.ApplicationFilterChain.internalDoFilter(ApplicationFilterChain.java:178)
	at org.apache.catalina.core.ApplicationFilterChain.doFilter(ApplicationFilterChain.java:153)
	at org.springframework.web.filter.FormContentFilter.doFilterInternal(FormContentFilter.java:93)
	at org.springframework.web.filter.OncePerRequestFilter.doFilter(OncePerRequestFilter.java:117)
	at org.apache.catalina.core.ApplicationFilterChain.internalDoFilter(ApplicationFilterChain.java:178)
	at org.apache.catalina.core.ApplicationFilterChain.doFilter(ApplicationFilterChain.java:153)
	at org.springframework.web.filter.CharacterEncodingFilter.doFilterInternal(CharacterEncodingFilter.java:201)
	at org.springframework.web.filter.OncePerRequestFilter.doFilter(OncePerRequestFilter.java:117)
	at org.apache.catalina.core.ApplicationFilterChain.internalDoFilter(ApplicationFilterChain.java:178)
	at org.apache.catalina.core.ApplicationFilterChain.doFilter(ApplicationFilterChain.java:153)
	at org.apache.catalina.core.StandardWrapperValve.invoke(StandardWrapperValve.java:167)
	at org.apache.catalina.core.StandardContextValve.invoke(StandardContextValve.java:90)
	at org.apache.catalina.authenticator.AuthenticatorBase.invoke(AuthenticatorBase.java:481)
	at org.apache.catalina.core.StandardHostValve.invoke(StandardHostValve.java:130)
	at org.apache.catalina.valves.ErrorReportValve.invoke(ErrorReportValve.java:93)
	at org.apache.catalina.core.StandardEngineValve.invoke(StandardEngineValve.java:74)
	at org.apache.catalina.connector.CoyoteAdapter.service(CoyoteAdapter.java:343)
	at org.apache.coyote.http11.Http11Processor.service(Http11Processor.java:390)
	at org.apache.coyote.AbstractProcessorLight.process(AbstractProcessorLight.java:63)
	at org.apache.coyote.AbstractProtocol$ConnectionHandler.process(AbstractProtocol.java:926)
	at org.apache.tomcat.util.net.NioEndpoint$SocketProcessor.doRun(NioEndpoint.java:1791)
	at org.apache.tomcat.util.net.SocketProcessorBase.run(SocketProcessorBase.java:52)
	at org.apache.tomcat.util.threads.ThreadPoolExecutor.runWorker(ThreadPoolExecutor.java:1191)
	at org.apache.tomcat.util.threads.ThreadPoolExecutor$Worker.run(ThreadPoolExecutor.java:659)
	at org.apache.tomcat.util.threads.TaskThread$WrappingRunnable.run(TaskThread.java:61)
	at java.lang.Thread.run(Thread.java:750)
25-03-18.17:10:26.771 [SpringApplicationShutdownHook] INFO  HikariDataSource       - HikariPool-1 - Shutdown initiated...
25-03-18.17:10:26.979 [SpringApplicationShutdownHook] INFO  HikariDataSource       - HikariPool-1 - Shutdown completed.
