25-03-19.21:03:36.464 [main            ] INFO  Application            - Starting Application using Java 1.8.0_412 on gu603vv with PID 65664 (E:\Java\idea_project\tutoring-appointments\tutoring-appointments-app\target\classes started by huang in E:\Java\idea_project\tutoring-appointments)
25-03-19.21:03:36.466 [main            ] INFO  Application            - The following 1 profile is active: "test"
25-03-19.21:03:38.074 [main            ] INFO  TomcatWebServer        - Tomcat initialized with port(s): 8095 (http)
25-03-19.21:03:38.082 [main            ] INFO  Http11NioProtocol      - Initializing ProtocolHandler ["http-nio-8095"]
25-03-19.21:03:38.083 [main            ] INFO  StandardService        - Starting service [Tomcat]
25-03-19.21:03:38.083 [main            ] INFO  StandardEngine         - Starting Servlet engine: [Apache Tomcat/9.0.75]
25-03-19.21:03:38.174 [main            ] INFO  [/]                    - Initializing Spring embedded WebApplicationContext
25-03-19.21:03:38.175 [main            ] INFO  ServletWebServerApplicationContext - Root WebApplicationContext: initialization completed in 1662 ms
25-03-19.21:03:38.991 [main            ] INFO  Http11NioProtocol      - Starting ProtocolHandler ["http-nio-8095"]
25-03-19.21:03:39.008 [main            ] INFO  TomcatWebServer        - Tomcat started on port(s): 8095 (http) with context path ''
25-03-19.21:03:39.018 [main            ] INFO  Application            - Started Application in 3.106 seconds (JVM running for 4.498)
25-03-19.21:05:15.947 [main            ] INFO  Application            - Starting Application using Java 1.8.0_412 on gu603vv with PID 58624 (E:\Java\idea_project\tutoring-appointments\tutoring-appointments-app\target\classes started by huang in E:\Java\idea_project\tutoring-appointments)
25-03-19.21:05:15.950 [main            ] INFO  Application            - The following 1 profile is active: "test"
25-03-19.21:05:17.043 [main            ] INFO  TomcatWebServer        - Tomcat initialized with port(s): 8095 (http)
25-03-19.21:05:17.057 [main            ] INFO  Http11NioProtocol      - Initializing ProtocolHandler ["http-nio-8095"]
25-03-19.21:05:17.058 [main            ] INFO  StandardService        - Starting service [Tomcat]
25-03-19.21:05:17.058 [main            ] INFO  StandardEngine         - Starting Servlet engine: [Apache Tomcat/9.0.75]
25-03-19.21:05:17.141 [main            ] INFO  [/]                    - Initializing Spring embedded WebApplicationContext
25-03-19.21:05:17.141 [main            ] INFO  ServletWebServerApplicationContext - Root WebApplicationContext: initialization completed in 1141 ms
25-03-19.21:05:17.843 [main            ] INFO  Http11NioProtocol      - Starting ProtocolHandler ["http-nio-8095"]
25-03-19.21:05:17.860 [main            ] INFO  TomcatWebServer        - Tomcat started on port(s): 8095 (http) with context path ''
25-03-19.21:05:17.869 [main            ] INFO  Application            - Started Application in 2.428 seconds (JVM running for 3.322)
25-03-19.21:08:28.374 [main            ] INFO  Application            - Starting Application using Java 1.8.0_412 on gu603vv with PID 44956 (E:\Java\idea_project\tutoring-appointments\tutoring-appointments-app\target\classes started by huang in E:\Java\idea_project\tutoring-appointments)
25-03-19.21:08:28.377 [main            ] INFO  Application            - The following 1 profile is active: "test"
25-03-19.21:08:29.455 [main            ] INFO  TomcatWebServer        - Tomcat initialized with port(s): 8095 (http)
25-03-19.21:08:29.469 [main            ] INFO  Http11NioProtocol      - Initializing ProtocolHandler ["http-nio-8095"]
25-03-19.21:08:29.470 [main            ] INFO  StandardService        - Starting service [Tomcat]
25-03-19.21:08:29.470 [main            ] INFO  StandardEngine         - Starting Servlet engine: [Apache Tomcat/9.0.75]
25-03-19.21:08:29.554 [main            ] INFO  [/]                    - Initializing Spring embedded WebApplicationContext
25-03-19.21:08:29.554 [main            ] INFO  ServletWebServerApplicationContext - Root WebApplicationContext: initialization completed in 1129 ms
25-03-19.21:08:30.287 [main            ] INFO  Http11NioProtocol      - Starting ProtocolHandler ["http-nio-8095"]
25-03-19.21:08:30.304 [main            ] INFO  TomcatWebServer        - Tomcat started on port(s): 8095 (http) with context path ''
25-03-19.21:08:30.313 [main            ] INFO  Application            - Started Application in 2.466 seconds (JVM running for 3.325)
25-03-19.21:13:19.920 [http-nio-8095-exec-1] INFO  [/]                    - Initializing Spring DispatcherServlet 'dispatcherServlet'
25-03-19.21:13:19.920 [http-nio-8095-exec-1] INFO  DispatcherServlet      - Initializing Servlet 'dispatcherServlet'
25-03-19.21:13:19.921 [http-nio-8095-exec-1] INFO  DispatcherServlet      - Completed initialization in 1 ms
25-03-19.21:13:20.043 [http-nio-8095-exec-1] INFO  HikariDataSource       - HikariPool-1 - Starting...
25-03-19.21:13:20.690 [http-nio-8095-exec-1] INFO  HikariDataSource       - HikariPool-1 - Start completed.
25-03-19.21:15:38.124 [SpringApplicationShutdownHook] INFO  HikariDataSource       - HikariPool-1 - Shutdown initiated...
25-03-19.21:15:38.351 [SpringApplicationShutdownHook] INFO  HikariDataSource       - HikariPool-1 - Shutdown completed.
25-03-19.21:15:43.816 [main            ] INFO  Application            - Starting Application using Java 1.8.0_412 on gu603vv with PID 74216 (E:\Java\idea_project\tutoring-appointments\tutoring-appointments-app\target\classes started by huang in E:\Java\idea_project\tutoring-appointments)
25-03-19.21:15:43.818 [main            ] INFO  Application            - The following 1 profile is active: "test"
25-03-19.21:15:44.916 [main            ] INFO  TomcatWebServer        - Tomcat initialized with port(s): 8095 (http)
25-03-19.21:15:44.924 [main            ] INFO  Http11NioProtocol      - Initializing ProtocolHandler ["http-nio-8095"]
25-03-19.21:15:44.934 [main            ] INFO  StandardService        - Starting service [Tomcat]
25-03-19.21:15:44.934 [main            ] INFO  StandardEngine         - Starting Servlet engine: [Apache Tomcat/9.0.75]
25-03-19.21:15:45.024 [main            ] INFO  [/]                    - Initializing Spring embedded WebApplicationContext
25-03-19.21:15:45.024 [main            ] INFO  ServletWebServerApplicationContext - Root WebApplicationContext: initialization completed in 1158 ms
25-03-19.21:15:45.767 [main            ] INFO  Http11NioProtocol      - Starting ProtocolHandler ["http-nio-8095"]
25-03-19.21:15:45.786 [main            ] INFO  TomcatWebServer        - Tomcat started on port(s): 8095 (http) with context path ''
25-03-19.21:15:45.796 [main            ] INFO  Application            - Started Application in 2.476 seconds (JVM running for 3.351)
25-03-19.21:15:53.190 [http-nio-8095-exec-2] INFO  [/]                    - Initializing Spring DispatcherServlet 'dispatcherServlet'
25-03-19.21:15:53.190 [http-nio-8095-exec-2] INFO  DispatcherServlet      - Initializing Servlet 'dispatcherServlet'
25-03-19.21:15:53.192 [http-nio-8095-exec-2] INFO  DispatcherServlet      - Completed initialization in 1 ms
25-03-19.21:15:53.302 [http-nio-8095-exec-2] INFO  HikariDataSource       - HikariPool-1 - Starting...
25-03-19.21:15:53.846 [http-nio-8095-exec-2] INFO  HikariDataSource       - HikariPool-1 - Start completed.
25-03-19.21:16:04.896 [http-nio-8095-exec-4] ERROR [dispatcherServlet]    - Servlet.service() for servlet [dispatcherServlet] in context with path [] threw exception [Request processing failed; nested exception is java.lang.NullPointerException] with root cause
java.lang.NullPointerException: null
	at cn.qutacm.types.utils.JwtUtil.createJWT(JwtUtil.java:35)
	at cn.qutacm.controller.user.UserController.login(UserController.java:74)
	at sun.reflect.NativeMethodAccessorImpl.invoke0(Native Method)
	at sun.reflect.NativeMethodAccessorImpl.invoke(NativeMethodAccessorImpl.java:62)
	at sun.reflect.DelegatingMethodAccessorImpl.invoke(DelegatingMethodAccessorImpl.java:43)
	at java.lang.reflect.Method.invoke(Method.java:498)
	at org.springframework.web.method.support.InvocableHandlerMethod.doInvoke(InvocableHandlerMethod.java:205)
	at org.springframework.web.method.support.InvocableHandlerMethod.invokeForRequest(InvocableHandlerMethod.java:150)
	at org.springframework.web.servlet.mvc.method.annotation.ServletInvocableHandlerMethod.invokeAndHandle(ServletInvocableHandlerMethod.java:117)
	at org.springframework.web.servlet.mvc.method.annotation.RequestMappingHandlerAdapter.invokeHandlerMethod(RequestMappingHandlerAdapter.java:895)
	at org.springframework.web.servlet.mvc.method.annotation.RequestMappingHandlerAdapter.handleInternal(RequestMappingHandlerAdapter.java:808)
	at org.springframework.web.servlet.mvc.method.AbstractHandlerMethodAdapter.handle(AbstractHandlerMethodAdapter.java:87)
	at org.springframework.web.servlet.DispatcherServlet.doDispatch(DispatcherServlet.java:1072)
	at org.springframework.web.servlet.DispatcherServlet.doService(DispatcherServlet.java:965)
	at org.springframework.web.servlet.FrameworkServlet.processRequest(FrameworkServlet.java:1006)
	at org.springframework.web.servlet.FrameworkServlet.doPost(FrameworkServlet.java:909)
	at javax.servlet.http.HttpServlet.service(HttpServlet.java:555)
	at org.springframework.web.servlet.FrameworkServlet.service(FrameworkServlet.java:883)
	at javax.servlet.http.HttpServlet.service(HttpServlet.java:623)
	at org.apache.catalina.core.ApplicationFilterChain.internalDoFilter(ApplicationFilterChain.java:209)
	at org.apache.catalina.core.ApplicationFilterChain.doFilter(ApplicationFilterChain.java:153)
	at org.apache.tomcat.websocket.server.WsFilter.doFilter(WsFilter.java:51)
	at org.apache.catalina.core.ApplicationFilterChain.internalDoFilter(ApplicationFilterChain.java:178)
	at org.apache.catalina.core.ApplicationFilterChain.doFilter(ApplicationFilterChain.java:153)
	at org.springframework.web.filter.RequestContextFilter.doFilterInternal(RequestContextFilter.java:100)
	at org.springframework.web.filter.OncePerRequestFilter.doFilter(OncePerRequestFilter.java:117)
	at org.apache.catalina.core.ApplicationFilterChain.internalDoFilter(ApplicationFilterChain.java:178)
	at org.apache.catalina.core.ApplicationFilterChain.doFilter(ApplicationFilterChain.java:153)
	at org.springframework.web.filter.FormContentFilter.doFilterInternal(FormContentFilter.java:93)
	at org.springframework.web.filter.OncePerRequestFilter.doFilter(OncePerRequestFilter.java:117)
	at org.apache.catalina.core.ApplicationFilterChain.internalDoFilter(ApplicationFilterChain.java:178)
	at org.apache.catalina.core.ApplicationFilterChain.doFilter(ApplicationFilterChain.java:153)
	at org.springframework.web.filter.CharacterEncodingFilter.doFilterInternal(CharacterEncodingFilter.java:201)
	at org.springframework.web.filter.OncePerRequestFilter.doFilter(OncePerRequestFilter.java:117)
	at org.apache.catalina.core.ApplicationFilterChain.internalDoFilter(ApplicationFilterChain.java:178)
	at org.apache.catalina.core.ApplicationFilterChain.doFilter(ApplicationFilterChain.java:153)
	at org.apache.catalina.core.StandardWrapperValve.invoke(StandardWrapperValve.java:167)
	at org.apache.catalina.core.StandardContextValve.invoke(StandardContextValve.java:90)
	at org.apache.catalina.authenticator.AuthenticatorBase.invoke(AuthenticatorBase.java:481)
	at org.apache.catalina.core.StandardHostValve.invoke(StandardHostValve.java:130)
	at org.apache.catalina.valves.ErrorReportValve.invoke(ErrorReportValve.java:93)
	at org.apache.catalina.core.StandardEngineValve.invoke(StandardEngineValve.java:74)
	at org.apache.catalina.connector.CoyoteAdapter.service(CoyoteAdapter.java:343)
	at org.apache.coyote.http11.Http11Processor.service(Http11Processor.java:390)
	at org.apache.coyote.AbstractProcessorLight.process(AbstractProcessorLight.java:63)
	at org.apache.coyote.AbstractProtocol$ConnectionHandler.process(AbstractProtocol.java:926)
	at org.apache.tomcat.util.net.NioEndpoint$SocketProcessor.doRun(NioEndpoint.java:1791)
	at org.apache.tomcat.util.net.SocketProcessorBase.run(SocketProcessorBase.java:52)
	at org.apache.tomcat.util.threads.ThreadPoolExecutor.runWorker(ThreadPoolExecutor.java:1191)
	at org.apache.tomcat.util.threads.ThreadPoolExecutor$Worker.run(ThreadPoolExecutor.java:659)
	at org.apache.tomcat.util.threads.TaskThread$WrappingRunnable.run(TaskThread.java:61)
	at java.lang.Thread.run(Thread.java:750)
25-03-19.21:17:53.439 [http-nio-8095-exec-6] ERROR [dispatcherServlet]    - Servlet.service() for servlet [dispatcherServlet] in context with path [] threw exception [Request processing failed; nested exception is java.lang.NullPointerException] with root cause
java.lang.NullPointerException: null
	at cn.qutacm.types.utils.JwtUtil.createJWT(JwtUtil.java:35)
	at cn.qutacm.controller.user.UserController.login(UserController.java:74)
	at sun.reflect.NativeMethodAccessorImpl.invoke0(Native Method)
	at sun.reflect.NativeMethodAccessorImpl.invoke(NativeMethodAccessorImpl.java:62)
	at sun.reflect.DelegatingMethodAccessorImpl.invoke(DelegatingMethodAccessorImpl.java:43)
	at java.lang.reflect.Method.invoke(Method.java:498)
	at org.springframework.web.method.support.InvocableHandlerMethod.doInvoke(InvocableHandlerMethod.java:205)
	at org.springframework.web.method.support.InvocableHandlerMethod.invokeForRequest(InvocableHandlerMethod.java:150)
	at org.springframework.web.servlet.mvc.method.annotation.ServletInvocableHandlerMethod.invokeAndHandle(ServletInvocableHandlerMethod.java:117)
	at org.springframework.web.servlet.mvc.method.annotation.RequestMappingHandlerAdapter.invokeHandlerMethod(RequestMappingHandlerAdapter.java:895)
	at org.springframework.web.servlet.mvc.method.annotation.RequestMappingHandlerAdapter.handleInternal(RequestMappingHandlerAdapter.java:808)
	at org.springframework.web.servlet.mvc.method.AbstractHandlerMethodAdapter.handle(AbstractHandlerMethodAdapter.java:87)
	at org.springframework.web.servlet.DispatcherServlet.doDispatch(DispatcherServlet.java:1072)
	at org.springframework.web.servlet.DispatcherServlet.doService(DispatcherServlet.java:965)
	at org.springframework.web.servlet.FrameworkServlet.processRequest(FrameworkServlet.java:1006)
	at org.springframework.web.servlet.FrameworkServlet.doPost(FrameworkServlet.java:909)
	at javax.servlet.http.HttpServlet.service(HttpServlet.java:555)
	at org.springframework.web.servlet.FrameworkServlet.service(FrameworkServlet.java:883)
	at javax.servlet.http.HttpServlet.service(HttpServlet.java:623)
	at org.apache.catalina.core.ApplicationFilterChain.internalDoFilter(ApplicationFilterChain.java:209)
	at org.apache.catalina.core.ApplicationFilterChain.doFilter(ApplicationFilterChain.java:153)
	at org.apache.tomcat.websocket.server.WsFilter.doFilter(WsFilter.java:51)
	at org.apache.catalina.core.ApplicationFilterChain.internalDoFilter(ApplicationFilterChain.java:178)
	at org.apache.catalina.core.ApplicationFilterChain.doFilter(ApplicationFilterChain.java:153)
	at org.springframework.web.filter.RequestContextFilter.doFilterInternal(RequestContextFilter.java:100)
	at org.springframework.web.filter.OncePerRequestFilter.doFilter(OncePerRequestFilter.java:117)
	at org.apache.catalina.core.ApplicationFilterChain.internalDoFilter(ApplicationFilterChain.java:178)
	at org.apache.catalina.core.ApplicationFilterChain.doFilter(ApplicationFilterChain.java:153)
	at org.springframework.web.filter.FormContentFilter.doFilterInternal(FormContentFilter.java:93)
	at org.springframework.web.filter.OncePerRequestFilter.doFilter(OncePerRequestFilter.java:117)
	at org.apache.catalina.core.ApplicationFilterChain.internalDoFilter(ApplicationFilterChain.java:178)
	at org.apache.catalina.core.ApplicationFilterChain.doFilter(ApplicationFilterChain.java:153)
	at org.springframework.web.filter.CharacterEncodingFilter.doFilterInternal(CharacterEncodingFilter.java:201)
	at org.springframework.web.filter.OncePerRequestFilter.doFilter(OncePerRequestFilter.java:117)
	at org.apache.catalina.core.ApplicationFilterChain.internalDoFilter(ApplicationFilterChain.java:178)
	at org.apache.catalina.core.ApplicationFilterChain.doFilter(ApplicationFilterChain.java:153)
	at org.apache.catalina.core.StandardWrapperValve.invoke(StandardWrapperValve.java:167)
	at org.apache.catalina.core.StandardContextValve.invoke(StandardContextValve.java:90)
	at org.apache.catalina.authenticator.AuthenticatorBase.invoke(AuthenticatorBase.java:481)
	at org.apache.catalina.core.StandardHostValve.invoke(StandardHostValve.java:130)
	at org.apache.catalina.valves.ErrorReportValve.invoke(ErrorReportValve.java:93)
	at org.apache.catalina.core.StandardEngineValve.invoke(StandardEngineValve.java:74)
	at org.apache.catalina.connector.CoyoteAdapter.service(CoyoteAdapter.java:343)
	at org.apache.coyote.http11.Http11Processor.service(Http11Processor.java:390)
	at org.apache.coyote.AbstractProcessorLight.process(AbstractProcessorLight.java:63)
	at org.apache.coyote.AbstractProtocol$ConnectionHandler.process(AbstractProtocol.java:926)
	at org.apache.tomcat.util.net.NioEndpoint$SocketProcessor.doRun(NioEndpoint.java:1791)
	at org.apache.tomcat.util.net.SocketProcessorBase.run(SocketProcessorBase.java:52)
	at org.apache.tomcat.util.threads.ThreadPoolExecutor.runWorker(ThreadPoolExecutor.java:1191)
	at org.apache.tomcat.util.threads.ThreadPoolExecutor$Worker.run(ThreadPoolExecutor.java:659)
	at org.apache.tomcat.util.threads.TaskThread$WrappingRunnable.run(TaskThread.java:61)
	at java.lang.Thread.run(Thread.java:750)
25-03-19.21:18:21.822 [http-nio-8095-exec-8] ERROR [dispatcherServlet]    - Servlet.service() for servlet [dispatcherServlet] in context with path [] threw exception [Request processing failed; nested exception is java.lang.NullPointerException] with root cause
java.lang.NullPointerException: null
	at cn.qutacm.types.utils.JwtUtil.createJWT(JwtUtil.java:35)
	at cn.qutacm.controller.user.UserController.login(UserController.java:74)
	at sun.reflect.NativeMethodAccessorImpl.invoke0(Native Method)
	at sun.reflect.NativeMethodAccessorImpl.invoke(NativeMethodAccessorImpl.java:62)
	at sun.reflect.DelegatingMethodAccessorImpl.invoke(DelegatingMethodAccessorImpl.java:43)
	at java.lang.reflect.Method.invoke(Method.java:498)
	at org.springframework.web.method.support.InvocableHandlerMethod.doInvoke(InvocableHandlerMethod.java:205)
	at org.springframework.web.method.support.InvocableHandlerMethod.invokeForRequest(InvocableHandlerMethod.java:150)
	at org.springframework.web.servlet.mvc.method.annotation.ServletInvocableHandlerMethod.invokeAndHandle(ServletInvocableHandlerMethod.java:117)
	at org.springframework.web.servlet.mvc.method.annotation.RequestMappingHandlerAdapter.invokeHandlerMethod(RequestMappingHandlerAdapter.java:895)
	at org.springframework.web.servlet.mvc.method.annotation.RequestMappingHandlerAdapter.handleInternal(RequestMappingHandlerAdapter.java:808)
	at org.springframework.web.servlet.mvc.method.AbstractHandlerMethodAdapter.handle(AbstractHandlerMethodAdapter.java:87)
	at org.springframework.web.servlet.DispatcherServlet.doDispatch(DispatcherServlet.java:1072)
	at org.springframework.web.servlet.DispatcherServlet.doService(DispatcherServlet.java:965)
	at org.springframework.web.servlet.FrameworkServlet.processRequest(FrameworkServlet.java:1006)
	at org.springframework.web.servlet.FrameworkServlet.doPost(FrameworkServlet.java:909)
	at javax.servlet.http.HttpServlet.service(HttpServlet.java:555)
	at org.springframework.web.servlet.FrameworkServlet.service(FrameworkServlet.java:883)
	at javax.servlet.http.HttpServlet.service(HttpServlet.java:623)
	at org.apache.catalina.core.ApplicationFilterChain.internalDoFilter(ApplicationFilterChain.java:209)
	at org.apache.catalina.core.ApplicationFilterChain.doFilter(ApplicationFilterChain.java:153)
	at org.apache.tomcat.websocket.server.WsFilter.doFilter(WsFilter.java:51)
	at org.apache.catalina.core.ApplicationFilterChain.internalDoFilter(ApplicationFilterChain.java:178)
	at org.apache.catalina.core.ApplicationFilterChain.doFilter(ApplicationFilterChain.java:153)
	at org.springframework.web.filter.RequestContextFilter.doFilterInternal(RequestContextFilter.java:100)
	at org.springframework.web.filter.OncePerRequestFilter.doFilter(OncePerRequestFilter.java:117)
	at org.apache.catalina.core.ApplicationFilterChain.internalDoFilter(ApplicationFilterChain.java:178)
	at org.apache.catalina.core.ApplicationFilterChain.doFilter(ApplicationFilterChain.java:153)
	at org.springframework.web.filter.FormContentFilter.doFilterInternal(FormContentFilter.java:93)
	at org.springframework.web.filter.OncePerRequestFilter.doFilter(OncePerRequestFilter.java:117)
	at org.apache.catalina.core.ApplicationFilterChain.internalDoFilter(ApplicationFilterChain.java:178)
	at org.apache.catalina.core.ApplicationFilterChain.doFilter(ApplicationFilterChain.java:153)
	at org.springframework.web.filter.CharacterEncodingFilter.doFilterInternal(CharacterEncodingFilter.java:201)
	at org.springframework.web.filter.OncePerRequestFilter.doFilter(OncePerRequestFilter.java:117)
	at org.apache.catalina.core.ApplicationFilterChain.internalDoFilter(ApplicationFilterChain.java:178)
	at org.apache.catalina.core.ApplicationFilterChain.doFilter(ApplicationFilterChain.java:153)
	at org.apache.catalina.core.StandardWrapperValve.invoke(StandardWrapperValve.java:167)
	at org.apache.catalina.core.StandardContextValve.invoke(StandardContextValve.java:90)
	at org.apache.catalina.authenticator.AuthenticatorBase.invoke(AuthenticatorBase.java:481)
	at org.apache.catalina.core.StandardHostValve.invoke(StandardHostValve.java:130)
	at org.apache.catalina.valves.ErrorReportValve.invoke(ErrorReportValve.java:93)
	at org.apache.catalina.core.StandardEngineValve.invoke(StandardEngineValve.java:74)
	at org.apache.catalina.connector.CoyoteAdapter.service(CoyoteAdapter.java:343)
	at org.apache.coyote.http11.Http11Processor.service(Http11Processor.java:390)
	at org.apache.coyote.AbstractProcessorLight.process(AbstractProcessorLight.java:63)
	at org.apache.coyote.AbstractProtocol$ConnectionHandler.process(AbstractProtocol.java:926)
	at org.apache.tomcat.util.net.NioEndpoint$SocketProcessor.doRun(NioEndpoint.java:1791)
	at org.apache.tomcat.util.net.SocketProcessorBase.run(SocketProcessorBase.java:52)
	at org.apache.tomcat.util.threads.ThreadPoolExecutor.runWorker(ThreadPoolExecutor.java:1191)
	at org.apache.tomcat.util.threads.ThreadPoolExecutor$Worker.run(ThreadPoolExecutor.java:659)
	at org.apache.tomcat.util.threads.TaskThread$WrappingRunnable.run(TaskThread.java:61)
	at java.lang.Thread.run(Thread.java:750)
25-03-19.21:19:17.558 [HikariPool-1 housekeeper] WARN  HikariPool             - HikariPool-1 - Thread starvation or clock leap detected (housekeeper delta=1m21s925ms522µs200ns).
25-03-19.21:19:17.560 [http-nio-8095-exec-10] ERROR [dispatcherServlet]    - Servlet.service() for servlet [dispatcherServlet] in context with path [] threw exception [Request processing failed; nested exception is java.lang.NullPointerException] with root cause
java.lang.NullPointerException: null
	at cn.qutacm.types.utils.JwtUtil.createJWT(JwtUtil.java:35)
	at cn.qutacm.controller.user.UserController.login(UserController.java:74)
	at sun.reflect.NativeMethodAccessorImpl.invoke0(Native Method)
	at sun.reflect.NativeMethodAccessorImpl.invoke(NativeMethodAccessorImpl.java:62)
	at sun.reflect.DelegatingMethodAccessorImpl.invoke(DelegatingMethodAccessorImpl.java:43)
	at java.lang.reflect.Method.invoke(Method.java:498)
	at org.springframework.web.method.support.InvocableHandlerMethod.doInvoke(InvocableHandlerMethod.java:205)
	at org.springframework.web.method.support.InvocableHandlerMethod.invokeForRequest(InvocableHandlerMethod.java:150)
	at org.springframework.web.servlet.mvc.method.annotation.ServletInvocableHandlerMethod.invokeAndHandle(ServletInvocableHandlerMethod.java:117)
	at org.springframework.web.servlet.mvc.method.annotation.RequestMappingHandlerAdapter.invokeHandlerMethod(RequestMappingHandlerAdapter.java:895)
	at org.springframework.web.servlet.mvc.method.annotation.RequestMappingHandlerAdapter.handleInternal(RequestMappingHandlerAdapter.java:808)
	at org.springframework.web.servlet.mvc.method.AbstractHandlerMethodAdapter.handle(AbstractHandlerMethodAdapter.java:87)
	at org.springframework.web.servlet.DispatcherServlet.doDispatch(DispatcherServlet.java:1072)
	at org.springframework.web.servlet.DispatcherServlet.doService(DispatcherServlet.java:965)
	at org.springframework.web.servlet.FrameworkServlet.processRequest(FrameworkServlet.java:1006)
	at org.springframework.web.servlet.FrameworkServlet.doPost(FrameworkServlet.java:909)
	at javax.servlet.http.HttpServlet.service(HttpServlet.java:555)
	at org.springframework.web.servlet.FrameworkServlet.service(FrameworkServlet.java:883)
	at javax.servlet.http.HttpServlet.service(HttpServlet.java:623)
	at org.apache.catalina.core.ApplicationFilterChain.internalDoFilter(ApplicationFilterChain.java:209)
	at org.apache.catalina.core.ApplicationFilterChain.doFilter(ApplicationFilterChain.java:153)
	at org.apache.tomcat.websocket.server.WsFilter.doFilter(WsFilter.java:51)
	at org.apache.catalina.core.ApplicationFilterChain.internalDoFilter(ApplicationFilterChain.java:178)
	at org.apache.catalina.core.ApplicationFilterChain.doFilter(ApplicationFilterChain.java:153)
	at org.springframework.web.filter.RequestContextFilter.doFilterInternal(RequestContextFilter.java:100)
	at org.springframework.web.filter.OncePerRequestFilter.doFilter(OncePerRequestFilter.java:117)
	at org.apache.catalina.core.ApplicationFilterChain.internalDoFilter(ApplicationFilterChain.java:178)
	at org.apache.catalina.core.ApplicationFilterChain.doFilter(ApplicationFilterChain.java:153)
	at org.springframework.web.filter.FormContentFilter.doFilterInternal(FormContentFilter.java:93)
	at org.springframework.web.filter.OncePerRequestFilter.doFilter(OncePerRequestFilter.java:117)
	at org.apache.catalina.core.ApplicationFilterChain.internalDoFilter(ApplicationFilterChain.java:178)
	at org.apache.catalina.core.ApplicationFilterChain.doFilter(ApplicationFilterChain.java:153)
	at org.springframework.web.filter.CharacterEncodingFilter.doFilterInternal(CharacterEncodingFilter.java:201)
	at org.springframework.web.filter.OncePerRequestFilter.doFilter(OncePerRequestFilter.java:117)
	at org.apache.catalina.core.ApplicationFilterChain.internalDoFilter(ApplicationFilterChain.java:178)
	at org.apache.catalina.core.ApplicationFilterChain.doFilter(ApplicationFilterChain.java:153)
	at org.apache.catalina.core.StandardWrapperValve.invoke(StandardWrapperValve.java:167)
	at org.apache.catalina.core.StandardContextValve.invoke(StandardContextValve.java:90)
	at org.apache.catalina.authenticator.AuthenticatorBase.invoke(AuthenticatorBase.java:481)
	at org.apache.catalina.core.StandardHostValve.invoke(StandardHostValve.java:130)
	at org.apache.catalina.valves.ErrorReportValve.invoke(ErrorReportValve.java:93)
	at org.apache.catalina.core.StandardEngineValve.invoke(StandardEngineValve.java:74)
	at org.apache.catalina.connector.CoyoteAdapter.service(CoyoteAdapter.java:343)
	at org.apache.coyote.http11.Http11Processor.service(Http11Processor.java:390)
	at org.apache.coyote.AbstractProcessorLight.process(AbstractProcessorLight.java:63)
	at org.apache.coyote.AbstractProtocol$ConnectionHandler.process(AbstractProtocol.java:926)
	at org.apache.tomcat.util.net.NioEndpoint$SocketProcessor.doRun(NioEndpoint.java:1791)
	at org.apache.tomcat.util.net.SocketProcessorBase.run(SocketProcessorBase.java:52)
	at org.apache.tomcat.util.threads.ThreadPoolExecutor.runWorker(ThreadPoolExecutor.java:1191)
	at org.apache.tomcat.util.threads.ThreadPoolExecutor$Worker.run(ThreadPoolExecutor.java:659)
	at org.apache.tomcat.util.threads.TaskThread$WrappingRunnable.run(TaskThread.java:61)
	at java.lang.Thread.run(Thread.java:750)
25-03-19.21:19:17.878 [SpringApplicationShutdownHook] INFO  HikariDataSource       - HikariPool-1 - Shutdown initiated...
25-03-19.21:19:18.100 [SpringApplicationShutdownHook] INFO  HikariDataSource       - HikariPool-1 - Shutdown completed.
25-03-19.21:19:22.230 [main            ] INFO  Application            - Starting Application using Java 1.8.0_412 on gu603vv with PID 80900 (E:\Java\idea_project\tutoring-appointments\tutoring-appointments-app\target\classes started by huang in E:\Java\idea_project\tutoring-appointments)
25-03-19.21:19:22.232 [main            ] INFO  Application            - The following 1 profile is active: "test"
25-03-19.21:19:23.254 [main            ] INFO  TomcatWebServer        - Tomcat initialized with port(s): 8095 (http)
25-03-19.21:19:23.263 [main            ] INFO  Http11NioProtocol      - Initializing ProtocolHandler ["http-nio-8095"]
25-03-19.21:19:23.263 [main            ] INFO  StandardService        - Starting service [Tomcat]
25-03-19.21:19:23.263 [main            ] INFO  StandardEngine         - Starting Servlet engine: [Apache Tomcat/9.0.75]
25-03-19.21:19:23.348 [main            ] INFO  [/]                    - Initializing Spring embedded WebApplicationContext
25-03-19.21:19:23.348 [main            ] INFO  ServletWebServerApplicationContext - Root WebApplicationContext: initialization completed in 1072 ms
25-03-19.21:19:24.094 [main            ] INFO  Http11NioProtocol      - Starting ProtocolHandler ["http-nio-8095"]
25-03-19.21:19:24.110 [main            ] INFO  TomcatWebServer        - Tomcat started on port(s): 8095 (http) with context path ''
25-03-19.21:19:24.120 [main            ] INFO  Application            - Started Application in 2.435 seconds (JVM running for 3.377)
25-03-19.21:22:04.526 [http-nio-8095-exec-2] INFO  [/]                    - Initializing Spring DispatcherServlet 'dispatcherServlet'
25-03-19.21:22:04.526 [http-nio-8095-exec-2] INFO  DispatcherServlet      - Initializing Servlet 'dispatcherServlet'
25-03-19.21:22:04.527 [http-nio-8095-exec-2] INFO  DispatcherServlet      - Completed initialization in 1 ms
25-03-19.21:22:04.639 [http-nio-8095-exec-2] INFO  HikariDataSource       - HikariPool-1 - Starting...
25-03-19.21:22:05.156 [http-nio-8095-exec-2] INFO  HikariDataSource       - HikariPool-1 - Start completed.
25-03-19.21:22:33.482 [HikariPool-1 housekeeper] WARN  HikariPool             - HikariPool-1 - Thread starvation or clock leap detected (housekeeper delta=58s325ms912µs100ns).
25-03-19.21:22:41.463 [http-nio-8095-exec-2] ERROR [dispatcherServlet]    - Servlet.service() for servlet [dispatcherServlet] in context with path [] threw exception [Request processing failed; nested exception is java.lang.NullPointerException] with root cause
java.lang.NullPointerException: null
	at cn.qutacm.types.utils.JwtUtil.createJWT(JwtUtil.java:35)
	at cn.qutacm.controller.user.UserController.login(UserController.java:74)
	at sun.reflect.NativeMethodAccessorImpl.invoke0(Native Method)
	at sun.reflect.NativeMethodAccessorImpl.invoke(NativeMethodAccessorImpl.java:62)
	at sun.reflect.DelegatingMethodAccessorImpl.invoke(DelegatingMethodAccessorImpl.java:43)
	at java.lang.reflect.Method.invoke(Method.java:498)
	at org.springframework.web.method.support.InvocableHandlerMethod.doInvoke(InvocableHandlerMethod.java:205)
	at org.springframework.web.method.support.InvocableHandlerMethod.invokeForRequest(InvocableHandlerMethod.java:150)
	at org.springframework.web.servlet.mvc.method.annotation.ServletInvocableHandlerMethod.invokeAndHandle(ServletInvocableHandlerMethod.java:117)
	at org.springframework.web.servlet.mvc.method.annotation.RequestMappingHandlerAdapter.invokeHandlerMethod(RequestMappingHandlerAdapter.java:895)
	at org.springframework.web.servlet.mvc.method.annotation.RequestMappingHandlerAdapter.handleInternal(RequestMappingHandlerAdapter.java:808)
	at org.springframework.web.servlet.mvc.method.AbstractHandlerMethodAdapter.handle(AbstractHandlerMethodAdapter.java:87)
	at org.springframework.web.servlet.DispatcherServlet.doDispatch(DispatcherServlet.java:1072)
	at org.springframework.web.servlet.DispatcherServlet.doService(DispatcherServlet.java:965)
	at org.springframework.web.servlet.FrameworkServlet.processRequest(FrameworkServlet.java:1006)
	at org.springframework.web.servlet.FrameworkServlet.doPost(FrameworkServlet.java:909)
	at javax.servlet.http.HttpServlet.service(HttpServlet.java:555)
	at org.springframework.web.servlet.FrameworkServlet.service(FrameworkServlet.java:883)
	at javax.servlet.http.HttpServlet.service(HttpServlet.java:623)
	at org.apache.catalina.core.ApplicationFilterChain.internalDoFilter(ApplicationFilterChain.java:209)
	at org.apache.catalina.core.ApplicationFilterChain.doFilter(ApplicationFilterChain.java:153)
	at org.apache.tomcat.websocket.server.WsFilter.doFilter(WsFilter.java:51)
	at org.apache.catalina.core.ApplicationFilterChain.internalDoFilter(ApplicationFilterChain.java:178)
	at org.apache.catalina.core.ApplicationFilterChain.doFilter(ApplicationFilterChain.java:153)
	at org.springframework.web.filter.RequestContextFilter.doFilterInternal(RequestContextFilter.java:100)
	at org.springframework.web.filter.OncePerRequestFilter.doFilter(OncePerRequestFilter.java:117)
	at org.apache.catalina.core.ApplicationFilterChain.internalDoFilter(ApplicationFilterChain.java:178)
	at org.apache.catalina.core.ApplicationFilterChain.doFilter(ApplicationFilterChain.java:153)
	at org.springframework.web.filter.FormContentFilter.doFilterInternal(FormContentFilter.java:93)
	at org.springframework.web.filter.OncePerRequestFilter.doFilter(OncePerRequestFilter.java:117)
	at org.apache.catalina.core.ApplicationFilterChain.internalDoFilter(ApplicationFilterChain.java:178)
	at org.apache.catalina.core.ApplicationFilterChain.doFilter(ApplicationFilterChain.java:153)
	at org.springframework.web.filter.CharacterEncodingFilter.doFilterInternal(CharacterEncodingFilter.java:201)
	at org.springframework.web.filter.OncePerRequestFilter.doFilter(OncePerRequestFilter.java:117)
	at org.apache.catalina.core.ApplicationFilterChain.internalDoFilter(ApplicationFilterChain.java:178)
	at org.apache.catalina.core.ApplicationFilterChain.doFilter(ApplicationFilterChain.java:153)
	at org.apache.catalina.core.StandardWrapperValve.invoke(StandardWrapperValve.java:167)
	at org.apache.catalina.core.StandardContextValve.invoke(StandardContextValve.java:90)
	at org.apache.catalina.authenticator.AuthenticatorBase.invoke(AuthenticatorBase.java:481)
	at org.apache.catalina.core.StandardHostValve.invoke(StandardHostValve.java:130)
	at org.apache.catalina.valves.ErrorReportValve.invoke(ErrorReportValve.java:93)
	at org.apache.catalina.core.StandardEngineValve.invoke(StandardEngineValve.java:74)
	at org.apache.catalina.connector.CoyoteAdapter.service(CoyoteAdapter.java:343)
	at org.apache.coyote.http11.Http11Processor.service(Http11Processor.java:390)
	at org.apache.coyote.AbstractProcessorLight.process(AbstractProcessorLight.java:63)
	at org.apache.coyote.AbstractProtocol$ConnectionHandler.process(AbstractProtocol.java:926)
	at org.apache.tomcat.util.net.NioEndpoint$SocketProcessor.doRun(NioEndpoint.java:1791)
	at org.apache.tomcat.util.net.SocketProcessorBase.run(SocketProcessorBase.java:52)
	at org.apache.tomcat.util.threads.ThreadPoolExecutor.runWorker(ThreadPoolExecutor.java:1191)
	at org.apache.tomcat.util.threads.ThreadPoolExecutor$Worker.run(ThreadPoolExecutor.java:659)
	at org.apache.tomcat.util.threads.TaskThread$WrappingRunnable.run(TaskThread.java:61)
	at java.lang.Thread.run(Thread.java:750)
25-03-19.21:24:45.575 [http-nio-8095-exec-5] ERROR [dispatcherServlet]    - Servlet.service() for servlet [dispatcherServlet] in context with path [] threw exception [Request processing failed; nested exception is java.lang.NullPointerException] with root cause
java.lang.NullPointerException: null
	at cn.qutacm.types.utils.JwtUtil.createJWT(JwtUtil.java:35)
	at cn.qutacm.controller.user.UserController.login(UserController.java:74)
	at sun.reflect.NativeMethodAccessorImpl.invoke0(Native Method)
	at sun.reflect.NativeMethodAccessorImpl.invoke(NativeMethodAccessorImpl.java:62)
	at sun.reflect.DelegatingMethodAccessorImpl.invoke(DelegatingMethodAccessorImpl.java:43)
	at java.lang.reflect.Method.invoke(Method.java:498)
	at org.springframework.web.method.support.InvocableHandlerMethod.doInvoke(InvocableHandlerMethod.java:205)
	at org.springframework.web.method.support.InvocableHandlerMethod.invokeForRequest(InvocableHandlerMethod.java:150)
	at org.springframework.web.servlet.mvc.method.annotation.ServletInvocableHandlerMethod.invokeAndHandle(ServletInvocableHandlerMethod.java:117)
	at org.springframework.web.servlet.mvc.method.annotation.RequestMappingHandlerAdapter.invokeHandlerMethod(RequestMappingHandlerAdapter.java:895)
	at org.springframework.web.servlet.mvc.method.annotation.RequestMappingHandlerAdapter.handleInternal(RequestMappingHandlerAdapter.java:808)
	at org.springframework.web.servlet.mvc.method.AbstractHandlerMethodAdapter.handle(AbstractHandlerMethodAdapter.java:87)
	at org.springframework.web.servlet.DispatcherServlet.doDispatch(DispatcherServlet.java:1072)
	at org.springframework.web.servlet.DispatcherServlet.doService(DispatcherServlet.java:965)
	at org.springframework.web.servlet.FrameworkServlet.processRequest(FrameworkServlet.java:1006)
	at org.springframework.web.servlet.FrameworkServlet.doPost(FrameworkServlet.java:909)
	at javax.servlet.http.HttpServlet.service(HttpServlet.java:555)
	at org.springframework.web.servlet.FrameworkServlet.service(FrameworkServlet.java:883)
	at javax.servlet.http.HttpServlet.service(HttpServlet.java:623)
	at org.apache.catalina.core.ApplicationFilterChain.internalDoFilter(ApplicationFilterChain.java:209)
	at org.apache.catalina.core.ApplicationFilterChain.doFilter(ApplicationFilterChain.java:153)
	at org.apache.tomcat.websocket.server.WsFilter.doFilter(WsFilter.java:51)
	at org.apache.catalina.core.ApplicationFilterChain.internalDoFilter(ApplicationFilterChain.java:178)
	at org.apache.catalina.core.ApplicationFilterChain.doFilter(ApplicationFilterChain.java:153)
	at org.springframework.web.filter.RequestContextFilter.doFilterInternal(RequestContextFilter.java:100)
	at org.springframework.web.filter.OncePerRequestFilter.doFilter(OncePerRequestFilter.java:117)
	at org.apache.catalina.core.ApplicationFilterChain.internalDoFilter(ApplicationFilterChain.java:178)
	at org.apache.catalina.core.ApplicationFilterChain.doFilter(ApplicationFilterChain.java:153)
	at org.springframework.web.filter.FormContentFilter.doFilterInternal(FormContentFilter.java:93)
	at org.springframework.web.filter.OncePerRequestFilter.doFilter(OncePerRequestFilter.java:117)
	at org.apache.catalina.core.ApplicationFilterChain.internalDoFilter(ApplicationFilterChain.java:178)
	at org.apache.catalina.core.ApplicationFilterChain.doFilter(ApplicationFilterChain.java:153)
	at org.springframework.web.filter.CharacterEncodingFilter.doFilterInternal(CharacterEncodingFilter.java:201)
	at org.springframework.web.filter.OncePerRequestFilter.doFilter(OncePerRequestFilter.java:117)
	at org.apache.catalina.core.ApplicationFilterChain.internalDoFilter(ApplicationFilterChain.java:178)
	at org.apache.catalina.core.ApplicationFilterChain.doFilter(ApplicationFilterChain.java:153)
	at org.apache.catalina.core.StandardWrapperValve.invoke(StandardWrapperValve.java:167)
	at org.apache.catalina.core.StandardContextValve.invoke(StandardContextValve.java:90)
	at org.apache.catalina.authenticator.AuthenticatorBase.invoke(AuthenticatorBase.java:481)
	at org.apache.catalina.core.StandardHostValve.invoke(StandardHostValve.java:130)
	at org.apache.catalina.valves.ErrorReportValve.invoke(ErrorReportValve.java:93)
	at org.apache.catalina.core.StandardEngineValve.invoke(StandardEngineValve.java:74)
	at org.apache.catalina.connector.CoyoteAdapter.service(CoyoteAdapter.java:343)
	at org.apache.coyote.http11.Http11Processor.service(Http11Processor.java:390)
	at org.apache.coyote.AbstractProcessorLight.process(AbstractProcessorLight.java:63)
	at org.apache.coyote.AbstractProtocol$ConnectionHandler.process(AbstractProtocol.java:926)
	at org.apache.tomcat.util.net.NioEndpoint$SocketProcessor.doRun(NioEndpoint.java:1791)
	at org.apache.tomcat.util.net.SocketProcessorBase.run(SocketProcessorBase.java:52)
	at org.apache.tomcat.util.threads.ThreadPoolExecutor.runWorker(ThreadPoolExecutor.java:1191)
	at org.apache.tomcat.util.threads.ThreadPoolExecutor$Worker.run(ThreadPoolExecutor.java:659)
	at org.apache.tomcat.util.threads.TaskThread$WrappingRunnable.run(TaskThread.java:61)
	at java.lang.Thread.run(Thread.java:750)
25-03-19.21:25:02.271 [http-nio-8095-exec-4] ERROR [dispatcherServlet]    - Servlet.service() for servlet [dispatcherServlet] in context with path [] threw exception [Request processing failed; nested exception is java.lang.NullPointerException] with root cause
java.lang.NullPointerException: null
	at cn.qutacm.types.utils.JwtUtil.createJWT(JwtUtil.java:35)
	at cn.qutacm.controller.user.UserController.login(UserController.java:74)
	at sun.reflect.NativeMethodAccessorImpl.invoke0(Native Method)
	at sun.reflect.NativeMethodAccessorImpl.invoke(NativeMethodAccessorImpl.java:62)
	at sun.reflect.DelegatingMethodAccessorImpl.invoke(DelegatingMethodAccessorImpl.java:43)
	at java.lang.reflect.Method.invoke(Method.java:498)
	at org.springframework.web.method.support.InvocableHandlerMethod.doInvoke(InvocableHandlerMethod.java:205)
	at org.springframework.web.method.support.InvocableHandlerMethod.invokeForRequest(InvocableHandlerMethod.java:150)
	at org.springframework.web.servlet.mvc.method.annotation.ServletInvocableHandlerMethod.invokeAndHandle(ServletInvocableHandlerMethod.java:117)
	at org.springframework.web.servlet.mvc.method.annotation.RequestMappingHandlerAdapter.invokeHandlerMethod(RequestMappingHandlerAdapter.java:895)
	at org.springframework.web.servlet.mvc.method.annotation.RequestMappingHandlerAdapter.handleInternal(RequestMappingHandlerAdapter.java:808)
	at org.springframework.web.servlet.mvc.method.AbstractHandlerMethodAdapter.handle(AbstractHandlerMethodAdapter.java:87)
	at org.springframework.web.servlet.DispatcherServlet.doDispatch(DispatcherServlet.java:1072)
	at org.springframework.web.servlet.DispatcherServlet.doService(DispatcherServlet.java:965)
	at org.springframework.web.servlet.FrameworkServlet.processRequest(FrameworkServlet.java:1006)
	at org.springframework.web.servlet.FrameworkServlet.doPost(FrameworkServlet.java:909)
	at javax.servlet.http.HttpServlet.service(HttpServlet.java:555)
	at org.springframework.web.servlet.FrameworkServlet.service(FrameworkServlet.java:883)
	at javax.servlet.http.HttpServlet.service(HttpServlet.java:623)
	at org.apache.catalina.core.ApplicationFilterChain.internalDoFilter(ApplicationFilterChain.java:209)
	at org.apache.catalina.core.ApplicationFilterChain.doFilter(ApplicationFilterChain.java:153)
	at org.apache.tomcat.websocket.server.WsFilter.doFilter(WsFilter.java:51)
	at org.apache.catalina.core.ApplicationFilterChain.internalDoFilter(ApplicationFilterChain.java:178)
	at org.apache.catalina.core.ApplicationFilterChain.doFilter(ApplicationFilterChain.java:153)
	at org.springframework.web.filter.RequestContextFilter.doFilterInternal(RequestContextFilter.java:100)
	at org.springframework.web.filter.OncePerRequestFilter.doFilter(OncePerRequestFilter.java:117)
	at org.apache.catalina.core.ApplicationFilterChain.internalDoFilter(ApplicationFilterChain.java:178)
	at org.apache.catalina.core.ApplicationFilterChain.doFilter(ApplicationFilterChain.java:153)
	at org.springframework.web.filter.FormContentFilter.doFilterInternal(FormContentFilter.java:93)
	at org.springframework.web.filter.OncePerRequestFilter.doFilter(OncePerRequestFilter.java:117)
	at org.apache.catalina.core.ApplicationFilterChain.internalDoFilter(ApplicationFilterChain.java:178)
	at org.apache.catalina.core.ApplicationFilterChain.doFilter(ApplicationFilterChain.java:153)
	at org.springframework.web.filter.CharacterEncodingFilter.doFilterInternal(CharacterEncodingFilter.java:201)
	at org.springframework.web.filter.OncePerRequestFilter.doFilter(OncePerRequestFilter.java:117)
	at org.apache.catalina.core.ApplicationFilterChain.internalDoFilter(ApplicationFilterChain.java:178)
	at org.apache.catalina.core.ApplicationFilterChain.doFilter(ApplicationFilterChain.java:153)
	at org.apache.catalina.core.StandardWrapperValve.invoke(StandardWrapperValve.java:167)
	at org.apache.catalina.core.StandardContextValve.invoke(StandardContextValve.java:90)
	at org.apache.catalina.authenticator.AuthenticatorBase.invoke(AuthenticatorBase.java:481)
	at org.apache.catalina.core.StandardHostValve.invoke(StandardHostValve.java:130)
	at org.apache.catalina.valves.ErrorReportValve.invoke(ErrorReportValve.java:93)
	at org.apache.catalina.core.StandardEngineValve.invoke(StandardEngineValve.java:74)
	at org.apache.catalina.connector.CoyoteAdapter.service(CoyoteAdapter.java:343)
	at org.apache.coyote.http11.Http11Processor.service(Http11Processor.java:390)
	at org.apache.coyote.AbstractProcessorLight.process(AbstractProcessorLight.java:63)
	at org.apache.coyote.AbstractProtocol$ConnectionHandler.process(AbstractProtocol.java:926)
	at org.apache.tomcat.util.net.NioEndpoint$SocketProcessor.doRun(NioEndpoint.java:1791)
	at org.apache.tomcat.util.net.SocketProcessorBase.run(SocketProcessorBase.java:52)
	at org.apache.tomcat.util.threads.ThreadPoolExecutor.runWorker(ThreadPoolExecutor.java:1191)
	at org.apache.tomcat.util.threads.ThreadPoolExecutor$Worker.run(ThreadPoolExecutor.java:659)
	at org.apache.tomcat.util.threads.TaskThread$WrappingRunnable.run(TaskThread.java:61)
	at java.lang.Thread.run(Thread.java:750)
25-03-19.21:25:44.877 [HikariPool-1 housekeeper] WARN  HikariPool             - HikariPool-1 - Thread starvation or clock leap detected (housekeeper delta=59s302ms585µs800ns).
25-03-19.21:25:44.878 [http-nio-8095-exec-10] ERROR [dispatcherServlet]    - Servlet.service() for servlet [dispatcherServlet] in context with path [] threw exception [Request processing failed; nested exception is java.lang.NullPointerException] with root cause
java.lang.NullPointerException: null
	at cn.qutacm.types.utils.JwtUtil.createJWT(JwtUtil.java:35)
	at cn.qutacm.controller.user.UserController.login(UserController.java:74)
	at sun.reflect.NativeMethodAccessorImpl.invoke0(Native Method)
	at sun.reflect.NativeMethodAccessorImpl.invoke(NativeMethodAccessorImpl.java:62)
	at sun.reflect.DelegatingMethodAccessorImpl.invoke(DelegatingMethodAccessorImpl.java:43)
	at java.lang.reflect.Method.invoke(Method.java:498)
	at org.springframework.web.method.support.InvocableHandlerMethod.doInvoke(InvocableHandlerMethod.java:205)
	at org.springframework.web.method.support.InvocableHandlerMethod.invokeForRequest(InvocableHandlerMethod.java:150)
	at org.springframework.web.servlet.mvc.method.annotation.ServletInvocableHandlerMethod.invokeAndHandle(ServletInvocableHandlerMethod.java:117)
	at org.springframework.web.servlet.mvc.method.annotation.RequestMappingHandlerAdapter.invokeHandlerMethod(RequestMappingHandlerAdapter.java:895)
	at org.springframework.web.servlet.mvc.method.annotation.RequestMappingHandlerAdapter.handleInternal(RequestMappingHandlerAdapter.java:808)
	at org.springframework.web.servlet.mvc.method.AbstractHandlerMethodAdapter.handle(AbstractHandlerMethodAdapter.java:87)
	at org.springframework.web.servlet.DispatcherServlet.doDispatch(DispatcherServlet.java:1072)
	at org.springframework.web.servlet.DispatcherServlet.doService(DispatcherServlet.java:965)
	at org.springframework.web.servlet.FrameworkServlet.processRequest(FrameworkServlet.java:1006)
	at org.springframework.web.servlet.FrameworkServlet.doPost(FrameworkServlet.java:909)
	at javax.servlet.http.HttpServlet.service(HttpServlet.java:555)
	at org.springframework.web.servlet.FrameworkServlet.service(FrameworkServlet.java:883)
	at javax.servlet.http.HttpServlet.service(HttpServlet.java:623)
	at org.apache.catalina.core.ApplicationFilterChain.internalDoFilter(ApplicationFilterChain.java:209)
	at org.apache.catalina.core.ApplicationFilterChain.doFilter(ApplicationFilterChain.java:153)
	at org.apache.tomcat.websocket.server.WsFilter.doFilter(WsFilter.java:51)
	at org.apache.catalina.core.ApplicationFilterChain.internalDoFilter(ApplicationFilterChain.java:178)
	at org.apache.catalina.core.ApplicationFilterChain.doFilter(ApplicationFilterChain.java:153)
	at org.springframework.web.filter.RequestContextFilter.doFilterInternal(RequestContextFilter.java:100)
	at org.springframework.web.filter.OncePerRequestFilter.doFilter(OncePerRequestFilter.java:117)
	at org.apache.catalina.core.ApplicationFilterChain.internalDoFilter(ApplicationFilterChain.java:178)
	at org.apache.catalina.core.ApplicationFilterChain.doFilter(ApplicationFilterChain.java:153)
	at org.springframework.web.filter.FormContentFilter.doFilterInternal(FormContentFilter.java:93)
	at org.springframework.web.filter.OncePerRequestFilter.doFilter(OncePerRequestFilter.java:117)
	at org.apache.catalina.core.ApplicationFilterChain.internalDoFilter(ApplicationFilterChain.java:178)
	at org.apache.catalina.core.ApplicationFilterChain.doFilter(ApplicationFilterChain.java:153)
	at org.springframework.web.filter.CharacterEncodingFilter.doFilterInternal(CharacterEncodingFilter.java:201)
	at org.springframework.web.filter.OncePerRequestFilter.doFilter(OncePerRequestFilter.java:117)
	at org.apache.catalina.core.ApplicationFilterChain.internalDoFilter(ApplicationFilterChain.java:178)
	at org.apache.catalina.core.ApplicationFilterChain.doFilter(ApplicationFilterChain.java:153)
	at org.apache.catalina.core.StandardWrapperValve.invoke(StandardWrapperValve.java:167)
	at org.apache.catalina.core.StandardContextValve.invoke(StandardContextValve.java:90)
	at org.apache.catalina.authenticator.AuthenticatorBase.invoke(AuthenticatorBase.java:481)
	at org.apache.catalina.core.StandardHostValve.invoke(StandardHostValve.java:130)
	at org.apache.catalina.valves.ErrorReportValve.invoke(ErrorReportValve.java:93)
	at org.apache.catalina.core.StandardEngineValve.invoke(StandardEngineValve.java:74)
	at org.apache.catalina.connector.CoyoteAdapter.service(CoyoteAdapter.java:343)
	at org.apache.coyote.http11.Http11Processor.service(Http11Processor.java:390)
	at org.apache.coyote.AbstractProcessorLight.process(AbstractProcessorLight.java:63)
	at org.apache.coyote.AbstractProtocol$ConnectionHandler.process(AbstractProtocol.java:926)
	at org.apache.tomcat.util.net.NioEndpoint$SocketProcessor.doRun(NioEndpoint.java:1791)
	at org.apache.tomcat.util.net.SocketProcessorBase.run(SocketProcessorBase.java:52)
	at org.apache.tomcat.util.threads.ThreadPoolExecutor.runWorker(ThreadPoolExecutor.java:1191)
	at org.apache.tomcat.util.threads.ThreadPoolExecutor$Worker.run(ThreadPoolExecutor.java:659)
	at org.apache.tomcat.util.threads.TaskThread$WrappingRunnable.run(TaskThread.java:61)
	at java.lang.Thread.run(Thread.java:750)
25-03-19.21:25:45.215 [SpringApplicationShutdownHook] INFO  HikariDataSource       - HikariPool-1 - Shutdown initiated...
25-03-19.21:25:45.422 [SpringApplicationShutdownHook] INFO  HikariDataSource       - HikariPool-1 - Shutdown completed.
25-03-19.21:25:48.076 [main            ] INFO  Application            - Starting Application using Java 1.8.0_412 on gu603vv with PID 24684 (E:\Java\idea_project\tutoring-appointments\tutoring-appointments-app\target\classes started by huang in E:\Java\idea_project\tutoring-appointments)
25-03-19.21:25:48.079 [main            ] INFO  Application            - The following 1 profile is active: "test"
25-03-19.21:25:49.103 [main            ] INFO  TomcatWebServer        - Tomcat initialized with port(s): 8095 (http)
25-03-19.21:25:49.112 [main            ] INFO  Http11NioProtocol      - Initializing ProtocolHandler ["http-nio-8095"]
25-03-19.21:25:49.112 [main            ] INFO  StandardService        - Starting service [Tomcat]
25-03-19.21:25:49.113 [main            ] INFO  StandardEngine         - Starting Servlet engine: [Apache Tomcat/9.0.75]
25-03-19.21:25:49.198 [main            ] INFO  [/]                    - Initializing Spring embedded WebApplicationContext
25-03-19.21:25:49.199 [main            ] INFO  ServletWebServerApplicationContext - Root WebApplicationContext: initialization completed in 1074 ms
25-03-19.21:25:49.908 [main            ] INFO  Http11NioProtocol      - Starting ProtocolHandler ["http-nio-8095"]
25-03-19.21:25:49.924 [main            ] INFO  TomcatWebServer        - Tomcat started on port(s): 8095 (http) with context path ''
25-03-19.21:25:49.933 [main            ] INFO  Application            - Started Application in 2.364 seconds (JVM running for 3.22)
25-03-19.21:25:59.414 [http-nio-8095-exec-3] INFO  [/]                    - Initializing Spring DispatcherServlet 'dispatcherServlet'
25-03-19.21:25:59.415 [http-nio-8095-exec-3] INFO  DispatcherServlet      - Initializing Servlet 'dispatcherServlet'
25-03-19.21:25:59.415 [http-nio-8095-exec-3] INFO  DispatcherServlet      - Completed initialization in 0 ms
25-03-19.21:25:59.533 [http-nio-8095-exec-3] INFO  HikariDataSource       - HikariPool-1 - Starting...
25-03-19.21:26:00.007 [http-nio-8095-exec-3] INFO  HikariDataSource       - HikariPool-1 - Start completed.
25-03-19.21:35:27.238 [SpringApplicationShutdownHook] INFO  HikariDataSource       - HikariPool-1 - Shutdown initiated...
25-03-19.21:35:27.458 [SpringApplicationShutdownHook] INFO  HikariDataSource       - HikariPool-1 - Shutdown completed.
25-03-19.21:35:32.957 [main            ] INFO  Application            - Starting Application using Java 1.8.0_412 on gu603vv with PID 38952 (E:\Java\idea_project\tutoring-appointments\tutoring-appointments-app\target\classes started by huang in E:\Java\idea_project\tutoring-appointments)
25-03-19.21:35:32.960 [main            ] INFO  Application            - The following 1 profile is active: "test"
25-03-19.21:35:34.056 [main            ] INFO  TomcatWebServer        - Tomcat initialized with port(s): 8095 (http)
25-03-19.21:35:34.065 [main            ] INFO  Http11NioProtocol      - Initializing ProtocolHandler ["http-nio-8095"]
25-03-19.21:35:34.066 [main            ] INFO  StandardService        - Starting service [Tomcat]
25-03-19.21:35:34.066 [main            ] INFO  StandardEngine         - Starting Servlet engine: [Apache Tomcat/9.0.75]
25-03-19.21:35:34.163 [main            ] INFO  [/]                    - Initializing Spring embedded WebApplicationContext
25-03-19.21:35:34.164 [main            ] INFO  ServletWebServerApplicationContext - Root WebApplicationContext: initialization completed in 1160 ms
25-03-19.21:35:34.938 [main            ] INFO  Http11NioProtocol      - Starting ProtocolHandler ["http-nio-8095"]
25-03-19.21:35:34.959 [main            ] INFO  TomcatWebServer        - Tomcat started on port(s): 8095 (http) with context path ''
25-03-19.21:35:34.968 [main            ] INFO  Application            - Started Application in 2.512 seconds (JVM running for 3.383)
25-03-19.21:36:02.994 [http-nio-8095-exec-1] INFO  [/]                    - Initializing Spring DispatcherServlet 'dispatcherServlet'
25-03-19.21:36:02.994 [http-nio-8095-exec-1] INFO  DispatcherServlet      - Initializing Servlet 'dispatcherServlet'
25-03-19.21:36:02.995 [http-nio-8095-exec-1] INFO  DispatcherServlet      - Completed initialization in 1 ms
25-03-19.21:36:03.110 [http-nio-8095-exec-1] INFO  HikariDataSource       - HikariPool-1 - Starting...
25-03-19.21:36:03.668 [http-nio-8095-exec-1] INFO  HikariDataSource       - HikariPool-1 - Start completed.
25-03-19.21:42:00.024 [SpringApplicationShutdownHook] INFO  HikariDataSource       - HikariPool-1 - Shutdown initiated...
25-03-19.21:42:00.243 [SpringApplicationShutdownHook] INFO  HikariDataSource       - HikariPool-1 - Shutdown completed.
25-03-19.21:42:05.716 [main            ] INFO  Application            - Starting Application using Java 1.8.0_412 on gu603vv with PID 43200 (E:\Java\idea_project\tutoring-appointments\tutoring-appointments-app\target\classes started by huang in E:\Java\idea_project\tutoring-appointments)
25-03-19.21:42:05.718 [main            ] INFO  Application            - The following 1 profile is active: "test"
25-03-19.21:42:06.864 [main            ] INFO  TomcatWebServer        - Tomcat initialized with port(s): 8095 (http)
25-03-19.21:42:06.873 [main            ] INFO  Http11NioProtocol      - Initializing ProtocolHandler ["http-nio-8095"]
25-03-19.21:42:06.873 [main            ] INFO  StandardService        - Starting service [Tomcat]
25-03-19.21:42:06.873 [main            ] INFO  StandardEngine         - Starting Servlet engine: [Apache Tomcat/9.0.75]
25-03-19.21:42:06.962 [main            ] INFO  [/]                    - Initializing Spring embedded WebApplicationContext
25-03-19.21:42:06.963 [main            ] INFO  ServletWebServerApplicationContext - Root WebApplicationContext: initialization completed in 1200 ms
25-03-19.21:42:07.316 [main            ] INFO  WebMvcConfiguration    - 开始注册自定义拦截器...
25-03-19.21:42:07.717 [main            ] INFO  Http11NioProtocol      - Starting ProtocolHandler ["http-nio-8095"]
25-03-19.21:42:07.738 [main            ] INFO  TomcatWebServer        - Tomcat started on port(s): 8095 (http) with context path ''
25-03-19.21:42:07.749 [main            ] INFO  Application            - Started Application in 2.557 seconds (JVM running for 3.483)
25-03-19.21:44:19.779 [http-nio-8095-exec-1] INFO  [/]                    - Initializing Spring DispatcherServlet 'dispatcherServlet'
25-03-19.21:44:19.779 [http-nio-8095-exec-1] INFO  DispatcherServlet      - Initializing Servlet 'dispatcherServlet'
25-03-19.21:44:19.780 [http-nio-8095-exec-1] INFO  DispatcherServlet      - Completed initialization in 1 ms
25-03-19.21:44:19.792 [http-nio-8095-exec-1] INFO  JwtTokenUserInterceptor - jwt校验:null
25-03-19.21:44:36.757 [http-nio-8095-exec-3] INFO  JwtTokenUserInterceptor - jwt校验:null
25-03-19.21:44:49.235 [http-nio-8095-exec-5] INFO  HikariDataSource       - HikariPool-1 - Starting...
25-03-19.21:44:49.781 [http-nio-8095-exec-5] INFO  HikariDataSource       - HikariPool-1 - Start completed.
25-03-19.21:45:07.628 [http-nio-8095-exec-7] INFO  JwtTokenUserInterceptor - jwt校验:null
25-03-19.21:46:45.807 [http-nio-8095-exec-8] INFO  JwtTokenUserInterceptor - jwt校验:null
25-03-19.21:48:00.977 [HikariPool-1 housekeeper] WARN  HikariPool             - HikariPool-1 - Thread starvation or clock leap detected (housekeeper delta=1m7s592ms38µs).
25-03-19.21:53:41.680 [http-nio-8095-exec-9] INFO  JwtTokenUserInterceptor - jwt校验:null
25-03-19.21:53:50.947 [http-nio-8095-exec-2] INFO  JwtTokenUserInterceptor - jwt校验:eyJhbGciOiJIUzI1NiJ9.eyJleHAiOjE3NDk1OTE4OTMsIlN0dWRlbnRJZCI6IjEyMzQ1Njc4OSJ9.15oiKfSENyTifBd-bZ_khHDCCE_R4cgJnIMyPVnBd-Y
25-03-19.21:53:52.580 [http-nio-8095-exec-2] INFO  JwtTokenUserInterceptor - 当前学生id123456789
25-03-19.21:54:11.681 [HikariPool-1 housekeeper] WARN  HikariPool             - HikariPool-1 - Thread starvation or clock leap detected (housekeeper delta=6m10s704ms444µs200ns).
25-03-19.21:58:50.291 [http-nio-8095-exec-2] INFO  JwtTokenAdminInterceptor - jwt校验:eyJhbGciOiJIUzI1NiJ9.eyJhZG1pbiI6ImFkbWluIiwiZXhwIjoxNzQ5NTkyNjI4fQ.-KgCxQ0FB3H6HwBwOlGrZotm4QTKC04ravrS4-CwKcM
25-03-19.21:59:06.771 [http-nio-8095-exec-1] INFO  JwtTokenAdminInterceptor - jwt校验:eyJhbGciOiJIUzI1NiJ9.eyJhZG1pbiI6ImFkbWluIiwiZXhwIjoxNzQ5NTkyNjI4fQ.-KgCxQ0FB3H6HwBwOlGrZotm4QTKC04ravrS4-CwKcM
25-03-19.22:00:24.687 [SpringApplicationShutdownHook] INFO  HikariDataSource       - HikariPool-1 - Shutdown initiated...
25-03-19.22:00:24.908 [SpringApplicationShutdownHook] INFO  HikariDataSource       - HikariPool-1 - Shutdown completed.
25-03-19.22:00:30.345 [main            ] INFO  Application            - Starting Application using Java 1.8.0_412 on gu603vv with PID 43176 (E:\Java\idea_project\tutoring-appointments\tutoring-appointments-app\target\classes started by huang in E:\Java\idea_project\tutoring-appointments)
25-03-19.22:00:30.347 [main            ] INFO  Application            - The following 1 profile is active: "test"
25-03-19.22:00:31.377 [main            ] INFO  TomcatWebServer        - Tomcat initialized with port(s): 8095 (http)
25-03-19.22:00:31.396 [main            ] INFO  Http11NioProtocol      - Initializing ProtocolHandler ["http-nio-8095"]
25-03-19.22:00:31.397 [main            ] INFO  StandardService        - Starting service [Tomcat]
25-03-19.22:00:31.397 [main            ] INFO  StandardEngine         - Starting Servlet engine: [Apache Tomcat/9.0.75]
25-03-19.22:00:31.482 [main            ] INFO  [/]                    - Initializing Spring embedded WebApplicationContext
25-03-19.22:00:31.482 [main            ] INFO  ServletWebServerApplicationContext - Root WebApplicationContext: initialization completed in 1094 ms
25-03-19.22:00:31.815 [main            ] INFO  WebMvcConfiguration    - 开始注册自定义拦截器...
25-03-19.22:00:32.123 [main            ] INFO  Http11NioProtocol      - Starting ProtocolHandler ["http-nio-8095"]
25-03-19.22:00:32.141 [main            ] INFO  TomcatWebServer        - Tomcat started on port(s): 8095 (http) with context path ''
25-03-19.22:00:32.150 [main            ] INFO  Application            - Started Application in 2.284 seconds (JVM running for 3.109)
25-03-19.22:00:38.353 [http-nio-8095-exec-4] INFO  [/]                    - Initializing Spring DispatcherServlet 'dispatcherServlet'
25-03-19.22:00:38.353 [http-nio-8095-exec-4] INFO  DispatcherServlet      - Initializing Servlet 'dispatcherServlet'
25-03-19.22:00:38.354 [http-nio-8095-exec-4] INFO  DispatcherServlet      - Completed initialization in 0 ms
25-03-19.22:00:38.368 [http-nio-8095-exec-4] INFO  JwtTokenAdminInterceptor - jwt校验:eyJhbGciOiJIUzI1NiJ9.eyJhZG1pbiI6ImFkbWluIiwiZXhwIjoxNzQ5NTkyNjI4fQ.-KgCxQ0FB3H6HwBwOlGrZotm4QTKC04ravrS4-CwKcM
25-03-19.22:01:30.794 [http-nio-8095-exec-5] INFO  JwtTokenAdminInterceptor - jwt校验:eyJhbGciOiJIUzI1NiJ9.eyJhZG1pbiI6ImFkbWluIiwiZXhwIjoxNzQ5NTkyNjI4fQ.-KgCxQ0FB3H6HwBwOlGrZotm4QTKC04ravrS4-CwKcM
25-03-19.22:01:41.969 [http-nio-8095-exec-3] INFO  JwtTokenAdminInterceptor - jwt校验:eyJhbGciOiJIUzI1NiJ9.eyJhZG1pbiI6ImFkbWluIiwiZXhwIjoxNzQ5NTkyNjI4fQ.-KgCxQ0FB3H6HwBwOlGrZotm4QTKC04ravrS4-CwKcM
25-03-19.22:02:31.777 [main            ] INFO  Application            - Starting Application using Java 1.8.0_412 on gu603vv with PID 33508 (E:\Java\idea_project\tutoring-appointments\tutoring-appointments-app\target\classes started by huang in E:\Java\idea_project\tutoring-appointments)
25-03-19.22:02:31.779 [main            ] INFO  Application            - The following 1 profile is active: "test"
25-03-19.22:02:32.856 [main            ] INFO  TomcatWebServer        - Tomcat initialized with port(s): 8095 (http)
25-03-19.22:02:32.865 [main            ] INFO  Http11NioProtocol      - Initializing ProtocolHandler ["http-nio-8095"]
25-03-19.22:02:32.866 [main            ] INFO  StandardService        - Starting service [Tomcat]
25-03-19.22:02:32.866 [main            ] INFO  StandardEngine         - Starting Servlet engine: [Apache Tomcat/9.0.75]
25-03-19.22:02:32.959 [main            ] INFO  [/]                    - Initializing Spring embedded WebApplicationContext
25-03-19.22:02:32.959 [main            ] INFO  ServletWebServerApplicationContext - Root WebApplicationContext: initialization completed in 1133 ms
25-03-19.22:02:33.306 [main            ] INFO  WebMvcConfiguration    - 开始注册自定义拦截器...
25-03-19.22:02:33.670 [main            ] INFO  Http11NioProtocol      - Starting ProtocolHandler ["http-nio-8095"]
25-03-19.22:02:33.687 [main            ] INFO  TomcatWebServer        - Tomcat started on port(s): 8095 (http) with context path ''
25-03-19.22:02:33.698 [main            ] INFO  Application            - Started Application in 2.42 seconds (JVM running for 3.282)
25-03-19.22:02:40.205 [http-nio-8095-exec-1] INFO  [/]                    - Initializing Spring DispatcherServlet 'dispatcherServlet'
25-03-19.22:02:40.205 [http-nio-8095-exec-1] INFO  DispatcherServlet      - Initializing Servlet 'dispatcherServlet'
25-03-19.22:02:40.206 [http-nio-8095-exec-1] INFO  DispatcherServlet      - Completed initialization in 1 ms
25-03-19.22:02:42.335 [http-nio-8095-exec-1] INFO  JwtTokenAdminInterceptor - jwt校验:eyJhbGciOiJIUzI1NiJ9.eyJhZG1pbiI6ImFkbWluIiwiZXhwIjoxNzQ5NTkyNjI4fQ.-KgCxQ0FB3H6HwBwOlGrZotm4QTKC04ravrS4-CwKcM
25-03-19.22:02:53.866 [http-nio-8095-exec-8] INFO  JwtTokenAdminInterceptor - jwt校验:eyJhbGciOiJIUzI1NiJ9.eyJhZG1pbiI6ImFkbWluIiwiZXhwIjoxNzQ5NTkyNjI4fQ.-KgCxQ0FB3H6HwBwOlGrZotm4QTKC04ravrS4-CwKcM
